2019-06-13 15:02:29.080 [main] INFO  com.qiuhang.shopp.MemberServer - No active profile set, falling back to default profiles: default
2019-06-13 15:02:32.253 [main] INFO  org.apache.catalina.core.StandardService - Starting service Tomcat
2019-06-13 15:02:32.254 [main] INFO  org.apache.catalina.core.StandardEngine - Starting Servlet Engine: Apache Tomcat/8.5.14
2019-06-13 15:02:32.521 [localhost-startStop-1] INFO  org.apache.catalina.core.ContainerBase.[Tomcat].[localhost].[/] - Initializing Spring embedded WebApplicationContext
2019-06-13 15:02:38.848 [main] WARN  com.netflix.config.sources.URLConfigurationSource - No URLs will be polled as dynamic configuration sources.
2019-06-13 15:02:38.849 [main] INFO  com.netflix.config.sources.URLConfigurationSource - To enable URLs as dynamic configuration sources, define System property archaius.configurationSource.additionalUrls or make config.properties available on classpath.
2019-06-13 15:02:38.855 [main] WARN  com.netflix.config.sources.URLConfigurationSource - No URLs will be polled as dynamic configuration sources.
2019-06-13 15:02:38.855 [main] INFO  com.netflix.config.sources.URLConfigurationSource - To enable URLs as dynamic configuration sources, define System property archaius.configurationSource.additionalUrls or make config.properties available on classpath.
2019-06-13 15:02:39.586 [main] INFO  com.netflix.discovery.DiscoveryClient - Initializing Eureka in region us-east-1
2019-06-13 15:02:39.697 [main] INFO  com.netflix.discovery.provider.DiscoveryJerseyProvider - Using JSON encoding codec LegacyJacksonJson
2019-06-13 15:02:39.698 [main] INFO  com.netflix.discovery.provider.DiscoveryJerseyProvider - Using JSON decoding codec LegacyJacksonJson
2019-06-13 15:02:39.930 [main] INFO  com.netflix.discovery.provider.DiscoveryJerseyProvider - Using XML encoding codec XStreamXml
2019-06-13 15:02:39.930 [main] INFO  com.netflix.discovery.provider.DiscoveryJerseyProvider - Using XML decoding codec XStreamXml
2019-06-13 15:02:40.332 [main] INFO  com.netflix.discovery.shared.resolver.aws.ConfigClusterResolver - Resolving eureka endpoints via configuration
2019-06-13 15:02:40.489 [main] INFO  com.netflix.discovery.DiscoveryClient - Disable delta property : false
2019-06-13 15:02:40.490 [main] INFO  com.netflix.discovery.DiscoveryClient - Single vip registry refresh property : null
2019-06-13 15:02:40.490 [main] INFO  com.netflix.discovery.DiscoveryClient - Force full registry fetch : false
2019-06-13 15:02:40.490 [main] INFO  com.netflix.discovery.DiscoveryClient - Application is null : false
2019-06-13 15:02:40.490 [main] INFO  com.netflix.discovery.DiscoveryClient - Registered Applications size is zero : true
2019-06-13 15:02:40.490 [main] INFO  com.netflix.discovery.DiscoveryClient - Application version is -1: true
2019-06-13 15:02:40.490 [main] INFO  com.netflix.discovery.DiscoveryClient - Getting all instance registry info from the eureka server
2019-06-13 15:02:40.878 [main] INFO  com.netflix.discovery.DiscoveryClient - The response status is 200
2019-06-13 15:02:40.880 [main] INFO  com.netflix.discovery.DiscoveryClient - Starting heartbeat executor: renew interval is: 30
2019-06-13 15:02:40.883 [main] INFO  com.netflix.discovery.InstanceInfoReplicator - InstanceInfoReplicator onDemand update allowed rate per min is 4
2019-06-13 15:02:40.887 [main] INFO  com.netflix.discovery.DiscoveryClient - Discovery Client initialized at timestamp 1560409360886 with initial instances count: 4
2019-06-13 15:02:40.919 [main] INFO  com.netflix.discovery.DiscoveryClient - Saw local status change event StatusChangeEvent [timestamp=1560409360919, current=UP, previous=STARTING]
2019-06-13 15:02:40.921 [DiscoveryClient-InstanceInfoReplicator-0] INFO  com.netflix.discovery.DiscoveryClient - DiscoveryClient_MEMBER/qiuhang-PC:member:8762: registering service...
2019-06-13 15:02:41.094 [main] INFO  org.apache.coyote.http11.Http11NioProtocol - Initializing ProtocolHandler ["http-nio-8762"]
2019-06-13 15:02:41.108 [main] INFO  org.apache.coyote.http11.Http11NioProtocol - Starting ProtocolHandler ["http-nio-8762"]
2019-06-13 15:02:41.475 [main] INFO  org.apache.tomcat.util.net.NioSelectorPool - Using a shared selector for servlet write/read
2019-06-13 15:02:41.664 [main] INFO  com.qiuhang.shopp.MemberServer - Started MemberServer in 14.66 seconds (JVM running for 15.941)
2019-06-13 15:02:42.796 [DiscoveryClient-InstanceInfoReplicator-0] INFO  com.netflix.discovery.DiscoveryClient - DiscoveryClient_MEMBER/qiuhang-PC:member:8762 - registration status: 204
2019-06-13 15:05:39.646 [http-nio-8762-exec-1] INFO  org.apache.catalina.core.ContainerBase.[Tomcat].[localhost].[/] - Initializing Spring FrameworkServlet 'dispatcherServlet'
2019-06-13 15:07:40.500 [AsyncResolver-bootstrap-executor-0] INFO  com.netflix.discovery.shared.resolver.aws.ConfigClusterResolver - Resolving eureka endpoints via configuration
2019-06-13 15:10:41.312 [RMI TCP Connection(2)-127.0.0.1] WARN  com.netflix.discovery.DiscoveryClient - Saw local status change event StatusChangeEvent [timestamp=1560409841312, current=DOWN, previous=UP]
2019-06-13 15:10:41.313 [DiscoveryClient-InstanceInfoReplicator-0] INFO  com.netflix.discovery.DiscoveryClient - DiscoveryClient_MEMBER/qiuhang-PC:member:8762: registering service...
2019-06-13 15:10:41.313 [RMI TCP Connection(2)-127.0.0.1] INFO  com.netflix.discovery.DiscoveryClient - Shutting down DiscoveryClient ...
2019-06-13 15:10:41.314 [RMI TCP Connection(2)-127.0.0.1] INFO  com.netflix.discovery.DiscoveryClient - Unregistering ...
2019-06-13 15:10:41.409 [RMI TCP Connection(2)-127.0.0.1] INFO  com.netflix.discovery.DiscoveryClient - DiscoveryClient_MEMBER/qiuhang-PC:member:8762 - deregister  status: 200
2019-06-13 15:10:41.417 [RMI TCP Connection(2)-127.0.0.1] INFO  com.netflix.discovery.DiscoveryClient - Completed shut down of DiscoveryClient
2019-06-13 15:10:41.435 [RMI TCP Connection(2)-127.0.0.1] INFO  org.apache.coyote.http11.Http11NioProtocol - Pausing ProtocolHandler ["http-nio-8762"]
2019-06-13 15:10:41.540 [DiscoveryClient-InstanceInfoReplicator-0] INFO  com.netflix.discovery.DiscoveryClient - DiscoveryClient_MEMBER/qiuhang-PC:member:8762 - registration status: 204
2019-06-13 15:10:41.598 [RMI TCP Connection(2)-127.0.0.1] INFO  org.apache.catalina.core.StandardService - Stopping service Tomcat
2019-06-13 15:10:41.603 [localhost-startStop-2] INFO  org.apache.catalina.core.ContainerBase.[Tomcat].[localhost].[/] - Destroying Spring FrameworkServlet 'dispatcherServlet'
2019-06-13 15:10:41.625 [RMI TCP Connection(2)-127.0.0.1] INFO  org.apache.coyote.http11.Http11NioProtocol - Stopping ProtocolHandler ["http-nio-8762"]
2019-06-13 15:10:41.631 [RMI TCP Connection(2)-127.0.0.1] INFO  org.apache.coyote.http11.Http11NioProtocol - Destroying ProtocolHandler ["http-nio-8762"]
2019-06-13 15:10:53.641 [main] INFO  com.qiuhang.shopp.MemberServer - No active profile set, falling back to default profiles: default
2019-06-13 15:10:57.007 [main] INFO  org.apache.catalina.core.StandardService - Starting service Tomcat
2019-06-13 15:10:57.008 [main] INFO  org.apache.catalina.core.StandardEngine - Starting Servlet Engine: Apache Tomcat/8.5.14
2019-06-13 15:10:57.226 [localhost-startStop-1] INFO  org.apache.catalina.core.ContainerBase.[Tomcat].[localhost].[/] - Initializing Spring embedded WebApplicationContext
2019-06-13 15:11:03.564 [main] WARN  com.netflix.config.sources.URLConfigurationSource - No URLs will be polled as dynamic configuration sources.
2019-06-13 15:11:03.565 [main] INFO  com.netflix.config.sources.URLConfigurationSource - To enable URLs as dynamic configuration sources, define System property archaius.configurationSource.additionalUrls or make config.properties available on classpath.
2019-06-13 15:11:03.576 [main] WARN  com.netflix.config.sources.URLConfigurationSource - No URLs will be polled as dynamic configuration sources.
2019-06-13 15:11:03.577 [main] INFO  com.netflix.config.sources.URLConfigurationSource - To enable URLs as dynamic configuration sources, define System property archaius.configurationSource.additionalUrls or make config.properties available on classpath.
2019-06-13 15:11:04.789 [main] INFO  com.netflix.discovery.DiscoveryClient - Initializing Eureka in region us-east-1
2019-06-13 15:11:04.909 [main] INFO  com.netflix.discovery.provider.DiscoveryJerseyProvider - Using JSON encoding codec LegacyJacksonJson
2019-06-13 15:11:04.909 [main] INFO  com.netflix.discovery.provider.DiscoveryJerseyProvider - Using JSON decoding codec LegacyJacksonJson
2019-06-13 15:11:05.207 [main] INFO  com.netflix.discovery.provider.DiscoveryJerseyProvider - Using XML encoding codec XStreamXml
2019-06-13 15:11:05.208 [main] INFO  com.netflix.discovery.provider.DiscoveryJerseyProvider - Using XML decoding codec XStreamXml
2019-06-13 15:11:05.920 [main] INFO  com.netflix.discovery.shared.resolver.aws.ConfigClusterResolver - Resolving eureka endpoints via configuration
2019-06-13 15:11:06.320 [main] INFO  com.netflix.discovery.DiscoveryClient - Disable delta property : false
2019-06-13 15:11:06.320 [main] INFO  com.netflix.discovery.DiscoveryClient - Single vip registry refresh property : null
2019-06-13 15:11:06.320 [main] INFO  com.netflix.discovery.DiscoveryClient - Force full registry fetch : false
2019-06-13 15:11:06.321 [main] INFO  com.netflix.discovery.DiscoveryClient - Application is null : false
2019-06-13 15:11:06.321 [main] INFO  com.netflix.discovery.DiscoveryClient - Registered Applications size is zero : true
2019-06-13 15:11:06.321 [main] INFO  com.netflix.discovery.DiscoveryClient - Application version is -1: true
2019-06-13 15:11:06.321 [main] INFO  com.netflix.discovery.DiscoveryClient - Getting all instance registry info from the eureka server
2019-06-13 15:11:06.661 [main] INFO  com.netflix.discovery.DiscoveryClient - The response status is 200
2019-06-13 15:11:06.665 [main] INFO  com.netflix.discovery.DiscoveryClient - Starting heartbeat executor: renew interval is: 30
2019-06-13 15:11:06.670 [main] INFO  com.netflix.discovery.InstanceInfoReplicator - InstanceInfoReplicator onDemand update allowed rate per min is 4
2019-06-13 15:11:06.675 [main] INFO  com.netflix.discovery.DiscoveryClient - Discovery Client initialized at timestamp 1560409866674 with initial instances count: 5
2019-06-13 15:11:06.758 [main] INFO  com.netflix.discovery.DiscoveryClient - Saw local status change event StatusChangeEvent [timestamp=1560409866758, current=UP, previous=STARTING]
2019-06-13 15:11:06.764 [DiscoveryClient-InstanceInfoReplicator-0] INFO  com.netflix.discovery.DiscoveryClient - DiscoveryClient_MEMBER/qiuhang-PC:member:8762: registering service...
2019-06-13 15:11:06.872 [DiscoveryClient-InstanceInfoReplicator-0] INFO  com.netflix.discovery.DiscoveryClient - DiscoveryClient_MEMBER/qiuhang-PC:member:8762 - registration status: 204
2019-06-13 15:11:06.904 [main] INFO  org.apache.coyote.http11.Http11NioProtocol - Initializing ProtocolHandler ["http-nio-8762"]
2019-06-13 15:11:06.922 [main] INFO  org.apache.coyote.http11.Http11NioProtocol - Starting ProtocolHandler ["http-nio-8762"]
2019-06-13 15:11:06.942 [main] INFO  org.apache.tomcat.util.net.NioSelectorPool - Using a shared selector for servlet write/read
2019-06-13 15:11:07.019 [main] INFO  com.qiuhang.shopp.MemberServer - Started MemberServer in 15.631 seconds (JVM running for 16.991)
2019-06-13 15:16:06.330 [AsyncResolver-bootstrap-executor-0] INFO  com.netflix.discovery.shared.resolver.aws.ConfigClusterResolver - Resolving eureka endpoints via configuration
2019-06-13 15:21:06.337 [AsyncResolver-bootstrap-executor-0] INFO  com.netflix.discovery.shared.resolver.aws.ConfigClusterResolver - Resolving eureka endpoints via configuration
2019-06-13 15:26:06.344 [AsyncResolver-bootstrap-executor-0] INFO  com.netflix.discovery.shared.resolver.aws.ConfigClusterResolver - Resolving eureka endpoints via configuration
2019-06-13 15:31:06.350 [AsyncResolver-bootstrap-executor-0] INFO  com.netflix.discovery.shared.resolver.aws.ConfigClusterResolver - Resolving eureka endpoints via configuration
2019-06-13 15:36:06.356 [AsyncResolver-bootstrap-executor-0] INFO  com.netflix.discovery.shared.resolver.aws.ConfigClusterResolver - Resolving eureka endpoints via configuration
2019-06-13 15:41:06.362 [AsyncResolver-bootstrap-executor-0] INFO  com.netflix.discovery.shared.resolver.aws.ConfigClusterResolver - Resolving eureka endpoints via configuration
2019-06-13 15:46:06.368 [AsyncResolver-bootstrap-executor-0] INFO  com.netflix.discovery.shared.resolver.aws.ConfigClusterResolver - Resolving eureka endpoints via configuration
2019-06-13 15:51:06.375 [AsyncResolver-bootstrap-executor-0] INFO  com.netflix.discovery.shared.resolver.aws.ConfigClusterResolver - Resolving eureka endpoints via configuration
2019-06-13 15:56:06.380 [AsyncResolver-bootstrap-executor-0] INFO  com.netflix.discovery.shared.resolver.aws.ConfigClusterResolver - Resolving eureka endpoints via configuration
2019-06-13 15:56:09.645 [RMI TCP Connection(2)-127.0.0.1] WARN  com.netflix.discovery.DiscoveryClient - Saw local status change event StatusChangeEvent [timestamp=1560412569645, current=DOWN, previous=UP]
2019-06-13 15:56:09.645 [RMI TCP Connection(2)-127.0.0.1] INFO  com.netflix.discovery.DiscoveryClient - Shutting down DiscoveryClient ...
2019-06-13 15:56:09.645 [DiscoveryClient-InstanceInfoReplicator-0] INFO  com.netflix.discovery.DiscoveryClient - DiscoveryClient_MEMBER/qiuhang-PC:member:8762: registering service...
2019-06-13 15:56:09.646 [RMI TCP Connection(2)-127.0.0.1] INFO  com.netflix.discovery.DiscoveryClient - Unregistering ...
2019-06-13 15:56:09.668 [RMI TCP Connection(2)-127.0.0.1] INFO  com.netflix.discovery.DiscoveryClient - DiscoveryClient_MEMBER/qiuhang-PC:member:8762 - deregister  status: 200
2019-06-13 15:56:09.674 [RMI TCP Connection(2)-127.0.0.1] INFO  com.netflix.discovery.DiscoveryClient - Completed shut down of DiscoveryClient
2019-06-13 15:56:09.690 [RMI TCP Connection(2)-127.0.0.1] INFO  org.apache.coyote.http11.Http11NioProtocol - Pausing ProtocolHandler ["http-nio-8762"]
2019-06-13 15:56:09.712 [DiscoveryClient-InstanceInfoReplicator-0] INFO  com.netflix.discovery.DiscoveryClient - DiscoveryClient_MEMBER/qiuhang-PC:member:8762 - registration status: 204
2019-06-13 15:56:09.847 [RMI TCP Connection(2)-127.0.0.1] INFO  org.apache.catalina.core.StandardService - Stopping service Tomcat
2019-06-13 15:56:09.892 [RMI TCP Connection(2)-127.0.0.1] INFO  org.apache.coyote.http11.Http11NioProtocol - Stopping ProtocolHandler ["http-nio-8762"]
2019-06-13 15:56:09.897 [RMI TCP Connection(2)-127.0.0.1] INFO  org.apache.coyote.http11.Http11NioProtocol - Destroying ProtocolHandler ["http-nio-8762"]
