2019-06-04 08:47:06.565 [AsyncResolver-bootstrap-executor-0] INFO  com.netflix.discovery.shared.resolver.aws.ConfigClusterResolver - Resolving eureka endpoints via configuration
2019-06-04 08:47:15.568 [DiscoveryClient-HeartbeatExecutor-0] ERROR com.netflix.discovery.shared.transport.decorator.RedirectingEurekaHttpClient - Request execution error
com.sun.jersey.api.client.ClientHandlerException: java.net.SocketTimeoutException: Read timed out
	at com.sun.jersey.client.apache4.ApacheHttpClient4Handler.handle(ApacheHttpClient4Handler.java:187)
	at com.sun.jersey.api.client.filter.GZIPContentEncodingFilter.handle(GZIPContentEncodingFilter.java:123)
	at com.netflix.discovery.EurekaIdentityHeaderFilter.handle(EurekaIdentityHeaderFilter.java:27)
	at com.sun.jersey.api.client.Client.handle(Client.java:652)
	at com.sun.jersey.api.client.WebResource.handle(WebResource.java:682)
	at com.sun.jersey.api.client.WebResource.access$200(WebResource.java:74)
	at com.sun.jersey.api.client.WebResource$Builder.put(WebResource.java:529)
	at com.netflix.discovery.shared.transport.jersey.AbstractJerseyEurekaHttpClient.sendHeartBeat(AbstractJerseyEurekaHttpClient.java:102)
	at com.netflix.discovery.shared.transport.decorator.EurekaHttpClientDecorator$3.execute(EurekaHttpClientDecorator.java:92)
	at com.netflix.discovery.shared.transport.decorator.MetricsCollectingEurekaHttpClient.execute(MetricsCollectingEurekaHttpClient.java:73)
	at com.netflix.discovery.shared.transport.decorator.EurekaHttpClientDecorator.sendHeartBeat(EurekaHttpClientDecorator.java:89)
	at com.netflix.discovery.shared.transport.decorator.EurekaHttpClientDecorator$3.execute(EurekaHttpClientDecorator.java:92)
	at com.netflix.discovery.shared.transport.decorator.RedirectingEurekaHttpClient.executeOnNewServer(RedirectingEurekaHttpClient.java:118)
	at com.netflix.discovery.shared.transport.decorator.RedirectingEurekaHttpClient.execute(RedirectingEurekaHttpClient.java:79)
	at com.netflix.discovery.shared.transport.decorator.EurekaHttpClientDecorator.sendHeartBeat(EurekaHttpClientDecorator.java:89)
	at com.netflix.discovery.shared.transport.decorator.EurekaHttpClientDecorator$3.execute(EurekaHttpClientDecorator.java:92)
	at com.netflix.discovery.shared.transport.decorator.RetryableEurekaHttpClient.execute(RetryableEurekaHttpClient.java:119)
	at com.netflix.discovery.shared.transport.decorator.EurekaHttpClientDecorator.sendHeartBeat(EurekaHttpClientDecorator.java:89)
	at com.netflix.discovery.shared.transport.decorator.EurekaHttpClientDecorator$3.execute(EurekaHttpClientDecorator.java:92)
	at com.netflix.discovery.shared.transport.decorator.SessionedEurekaHttpClient.execute(SessionedEurekaHttpClient.java:77)
	at com.netflix.discovery.shared.transport.decorator.EurekaHttpClientDecorator.sendHeartBeat(EurekaHttpClientDecorator.java:89)
	at com.netflix.discovery.DiscoveryClient.renew(DiscoveryClient.java:815)
	at com.netflix.discovery.DiscoveryClient$HeartbeatThread.run(DiscoveryClient.java:1379)
	at java.util.concurrent.Executors$RunnableAdapter.call(Executors.java:511)
	at java.util.concurrent.FutureTask.run(FutureTask.java:266)
	at java.util.concurrent.ThreadPoolExecutor.runWorker(ThreadPoolExecutor.java:1149)
	at java.util.concurrent.ThreadPoolExecutor$Worker.run(ThreadPoolExecutor.java:624)
	at java.lang.Thread.run(Thread.java:748)
Caused by: java.net.SocketTimeoutException: Read timed out
	at java.net.SocketInputStream.socketRead0(Native Method)
	at java.net.SocketInputStream.socketRead(SocketInputStream.java:116)
	at java.net.SocketInputStream.read(SocketInputStream.java:171)
	at java.net.SocketInputStream.read(SocketInputStream.java:141)
	at org.apache.http.impl.io.AbstractSessionInputBuffer.fillBuffer(AbstractSessionInputBuffer.java:158)
	at org.apache.http.impl.io.SocketInputBuffer.fillBuffer(SocketInputBuffer.java:82)
	at org.apache.http.impl.io.AbstractSessionInputBuffer.readLine(AbstractSessionInputBuffer.java:271)
	at org.apache.http.impl.conn.DefaultHttpResponseParser.parseHead(DefaultHttpResponseParser.java:138)
	at org.apache.http.impl.conn.DefaultHttpResponseParser.parseHead(DefaultHttpResponseParser.java:56)
	at org.apache.http.impl.io.AbstractMessageParser.parse(AbstractMessageParser.java:259)
	at org.apache.http.impl.AbstractHttpClientConnection.receiveResponseHeader(AbstractHttpClientConnection.java:281)
	at org.apache.http.impl.conn.DefaultClientConnection.receiveResponseHeader(DefaultClientConnection.java:257)
	at org.apache.http.impl.conn.AbstractClientConnAdapter.receiveResponseHeader(AbstractClientConnAdapter.java:230)
	at org.apache.http.protocol.HttpRequestExecutor.doReceiveResponse(HttpRequestExecutor.java:273)
	at org.apache.http.protocol.HttpRequestExecutor.execute(HttpRequestExecutor.java:125)
	at org.apache.http.impl.client.DefaultRequestDirector.tryExecute(DefaultRequestDirector.java:684)
	at org.apache.http.impl.client.DefaultRequestDirector.execute(DefaultRequestDirector.java:486)
	at org.apache.http.impl.client.AbstractHttpClient.doExecute(AbstractHttpClient.java:835)
	at org.apache.http.impl.client.CloseableHttpClient.execute(CloseableHttpClient.java:118)
	at org.apache.http.impl.client.CloseableHttpClient.execute(CloseableHttpClient.java:56)
	at com.sun.jersey.client.apache4.ApacheHttpClient4Handler.handle(ApacheHttpClient4Handler.java:173)
	... 27 common frames omitted
2019-06-04 08:47:15.569 [DiscoveryClient-HeartbeatExecutor-0] WARN  com.netflix.discovery.shared.transport.decorator.RetryableEurekaHttpClient - Request execution failed with message: java.net.SocketTimeoutException: Read timed out
2019-06-04 08:47:15.570 [DiscoveryClient-HeartbeatExecutor-0] ERROR com.netflix.discovery.DiscoveryClient - DiscoveryClient_MEMBER/qiuhang-PC:member:8762 - was unable to send heartbeat!
com.netflix.discovery.shared.transport.TransportException: Cannot execute request on any known server
	at com.netflix.discovery.shared.transport.decorator.RetryableEurekaHttpClient.execute(RetryableEurekaHttpClient.java:111)
	at com.netflix.discovery.shared.transport.decorator.EurekaHttpClientDecorator.sendHeartBeat(EurekaHttpClientDecorator.java:89)
	at com.netflix.discovery.shared.transport.decorator.EurekaHttpClientDecorator$3.execute(EurekaHttpClientDecorator.java:92)
	at com.netflix.discovery.shared.transport.decorator.SessionedEurekaHttpClient.execute(SessionedEurekaHttpClient.java:77)
	at com.netflix.discovery.shared.transport.decorator.EurekaHttpClientDecorator.sendHeartBeat(EurekaHttpClientDecorator.java:89)
	at com.netflix.discovery.DiscoveryClient.renew(DiscoveryClient.java:815)
	at com.netflix.discovery.DiscoveryClient$HeartbeatThread.run(DiscoveryClient.java:1379)
	at java.util.concurrent.Executors$RunnableAdapter.call(Executors.java:511)
	at java.util.concurrent.FutureTask.run(FutureTask.java:266)
	at java.util.concurrent.ThreadPoolExecutor.runWorker(ThreadPoolExecutor.java:1149)
	at java.util.concurrent.ThreadPoolExecutor$Worker.run(ThreadPoolExecutor.java:624)
	at java.lang.Thread.run(Thread.java:748)
2019-06-04 08:47:15.576 [DiscoveryClient-CacheRefreshExecutor-0] ERROR com.netflix.discovery.shared.transport.decorator.RedirectingEurekaHttpClient - Request execution error
com.sun.jersey.api.client.ClientHandlerException: java.net.SocketTimeoutException: Read timed out
	at com.sun.jersey.client.apache4.ApacheHttpClient4Handler.handle(ApacheHttpClient4Handler.java:187)
	at com.sun.jersey.api.client.filter.GZIPContentEncodingFilter.handle(GZIPContentEncodingFilter.java:123)
	at com.netflix.discovery.EurekaIdentityHeaderFilter.handle(EurekaIdentityHeaderFilter.java:27)
	at com.sun.jersey.api.client.Client.handle(Client.java:652)
	at com.sun.jersey.api.client.WebResource.handle(WebResource.java:682)
	at com.sun.jersey.api.client.WebResource.access$200(WebResource.java:74)
	at com.sun.jersey.api.client.WebResource$Builder.get(WebResource.java:509)
	at com.netflix.discovery.shared.transport.jersey.AbstractJerseyEurekaHttpClient.getApplicationsInternal(AbstractJerseyEurekaHttpClient.java:194)
	at com.netflix.discovery.shared.transport.jersey.AbstractJerseyEurekaHttpClient.getDelta(AbstractJerseyEurekaHttpClient.java:170)
	at com.netflix.discovery.shared.transport.decorator.EurekaHttpClientDecorator$7.execute(EurekaHttpClientDecorator.java:152)
	at com.netflix.discovery.shared.transport.decorator.MetricsCollectingEurekaHttpClient.execute(MetricsCollectingEurekaHttpClient.java:73)
	at com.netflix.discovery.shared.transport.decorator.EurekaHttpClientDecorator.getDelta(EurekaHttpClientDecorator.java:149)
	at com.netflix.discovery.shared.transport.decorator.EurekaHttpClientDecorator$7.execute(EurekaHttpClientDecorator.java:152)
	at com.netflix.discovery.shared.transport.decorator.RedirectingEurekaHttpClient.executeOnNewServer(RedirectingEurekaHttpClient.java:118)
	at com.netflix.discovery.shared.transport.decorator.RedirectingEurekaHttpClient.execute(RedirectingEurekaHttpClient.java:79)
	at com.netflix.discovery.shared.transport.decorator.EurekaHttpClientDecorator.getDelta(EurekaHttpClientDecorator.java:149)
	at com.netflix.discovery.shared.transport.decorator.EurekaHttpClientDecorator$7.execute(EurekaHttpClientDecorator.java:152)
	at com.netflix.discovery.shared.transport.decorator.RetryableEurekaHttpClient.execute(RetryableEurekaHttpClient.java:119)
	at com.netflix.discovery.shared.transport.decorator.EurekaHttpClientDecorator.getDelta(EurekaHttpClientDecorator.java:149)
	at com.netflix.discovery.shared.transport.decorator.EurekaHttpClientDecorator$7.execute(EurekaHttpClientDecorator.java:152)
	at com.netflix.discovery.shared.transport.decorator.SessionedEurekaHttpClient.execute(SessionedEurekaHttpClient.java:77)
	at com.netflix.discovery.shared.transport.decorator.EurekaHttpClientDecorator.getDelta(EurekaHttpClientDecorator.java:149)
	at com.netflix.discovery.DiscoveryClient.getAndUpdateDelta(DiscoveryClient.java:1047)
	at com.netflix.discovery.DiscoveryClient.fetchRegistry(DiscoveryClient.java:929)
	at com.netflix.discovery.DiscoveryClient.refreshRegistry(DiscoveryClient.java:1451)
	at com.netflix.discovery.DiscoveryClient$CacheRefreshThread.run(DiscoveryClient.java:1418)
	at java.util.concurrent.Executors$RunnableAdapter.call(Executors.java:511)
	at java.util.concurrent.FutureTask.run(FutureTask.java:266)
	at java.util.concurrent.ThreadPoolExecutor.runWorker(ThreadPoolExecutor.java:1149)
	at java.util.concurrent.ThreadPoolExecutor$Worker.run(ThreadPoolExecutor.java:624)
	at java.lang.Thread.run(Thread.java:748)
Caused by: java.net.SocketTimeoutException: Read timed out
	at java.net.SocketInputStream.socketRead0(Native Method)
	at java.net.SocketInputStream.socketRead(SocketInputStream.java:116)
	at java.net.SocketInputStream.read(SocketInputStream.java:171)
	at java.net.SocketInputStream.read(SocketInputStream.java:141)
	at org.apache.http.impl.io.AbstractSessionInputBuffer.fillBuffer(AbstractSessionInputBuffer.java:158)
	at org.apache.http.impl.io.SocketInputBuffer.fillBuffer(SocketInputBuffer.java:82)
	at org.apache.http.impl.io.AbstractSessionInputBuffer.readLine(AbstractSessionInputBuffer.java:271)
	at org.apache.http.impl.conn.DefaultHttpResponseParser.parseHead(DefaultHttpResponseParser.java:138)
	at org.apache.http.impl.conn.DefaultHttpResponseParser.parseHead(DefaultHttpResponseParser.java:56)
	at org.apache.http.impl.io.AbstractMessageParser.parse(AbstractMessageParser.java:259)
	at org.apache.http.impl.AbstractHttpClientConnection.receiveResponseHeader(AbstractHttpClientConnection.java:281)
	at org.apache.http.impl.conn.DefaultClientConnection.receiveResponseHeader(DefaultClientConnection.java:257)
	at org.apache.http.impl.conn.AbstractClientConnAdapter.receiveResponseHeader(AbstractClientConnAdapter.java:230)
	at org.apache.http.protocol.HttpRequestExecutor.doReceiveResponse(HttpRequestExecutor.java:273)
	at org.apache.http.protocol.HttpRequestExecutor.execute(HttpRequestExecutor.java:125)
	at org.apache.http.impl.client.DefaultRequestDirector.tryExecute(DefaultRequestDirector.java:684)
	at org.apache.http.impl.client.DefaultRequestDirector.execute(DefaultRequestDirector.java:486)
	at org.apache.http.impl.client.AbstractHttpClient.doExecute(AbstractHttpClient.java:835)
	at org.apache.http.impl.client.CloseableHttpClient.execute(CloseableHttpClient.java:118)
	at org.apache.http.impl.client.CloseableHttpClient.execute(CloseableHttpClient.java:56)
	at com.sun.jersey.client.apache4.ApacheHttpClient4Handler.handle(ApacheHttpClient4Handler.java:173)
	... 30 common frames omitted
2019-06-04 08:47:15.579 [DiscoveryClient-CacheRefreshExecutor-0] WARN  com.netflix.discovery.shared.transport.decorator.RetryableEurekaHttpClient - Request execution failed with message: java.net.SocketTimeoutException: Read timed out
2019-06-04 08:47:15.580 [DiscoveryClient-CacheRefreshExecutor-0] ERROR com.netflix.discovery.DiscoveryClient - DiscoveryClient_MEMBER/qiuhang-PC:member:8762 - was unable to refresh its cache! status = Cannot execute request on any known server
com.netflix.discovery.shared.transport.TransportException: Cannot execute request on any known server
	at com.netflix.discovery.shared.transport.decorator.RetryableEurekaHttpClient.execute(RetryableEurekaHttpClient.java:111)
	at com.netflix.discovery.shared.transport.decorator.EurekaHttpClientDecorator.getDelta(EurekaHttpClientDecorator.java:149)
	at com.netflix.discovery.shared.transport.decorator.EurekaHttpClientDecorator$7.execute(EurekaHttpClientDecorator.java:152)
	at com.netflix.discovery.shared.transport.decorator.SessionedEurekaHttpClient.execute(SessionedEurekaHttpClient.java:77)
	at com.netflix.discovery.shared.transport.decorator.EurekaHttpClientDecorator.getDelta(EurekaHttpClientDecorator.java:149)
	at com.netflix.discovery.DiscoveryClient.getAndUpdateDelta(DiscoveryClient.java:1047)
	at com.netflix.discovery.DiscoveryClient.fetchRegistry(DiscoveryClient.java:929)
	at com.netflix.discovery.DiscoveryClient.refreshRegistry(DiscoveryClient.java:1451)
	at com.netflix.discovery.DiscoveryClient$CacheRefreshThread.run(DiscoveryClient.java:1418)
	at java.util.concurrent.Executors$RunnableAdapter.call(Executors.java:511)
	at java.util.concurrent.FutureTask.run(FutureTask.java:266)
	at java.util.concurrent.ThreadPoolExecutor.runWorker(ThreadPoolExecutor.java:1149)
	at java.util.concurrent.ThreadPoolExecutor$Worker.run(ThreadPoolExecutor.java:624)
	at java.lang.Thread.run(Thread.java:748)
2019-06-04 08:52:10.410 [AsyncResolver-bootstrap-executor-0] INFO  com.netflix.discovery.shared.resolver.aws.ConfigClusterResolver - Resolving eureka endpoints via configuration
2019-06-04 08:57:10.421 [AsyncResolver-bootstrap-executor-0] INFO  com.netflix.discovery.shared.resolver.aws.ConfigClusterResolver - Resolving eureka endpoints via configuration
2019-06-04 09:02:10.434 [AsyncResolver-bootstrap-executor-0] INFO  com.netflix.discovery.shared.resolver.aws.ConfigClusterResolver - Resolving eureka endpoints via configuration
2019-06-04 09:07:10.445 [AsyncResolver-bootstrap-executor-0] INFO  com.netflix.discovery.shared.resolver.aws.ConfigClusterResolver - Resolving eureka endpoints via configuration
2019-06-04 09:12:10.457 [AsyncResolver-bootstrap-executor-0] INFO  com.netflix.discovery.shared.resolver.aws.ConfigClusterResolver - Resolving eureka endpoints via configuration
2019-06-04 09:17:10.467 [AsyncResolver-bootstrap-executor-0] INFO  com.netflix.discovery.shared.resolver.aws.ConfigClusterResolver - Resolving eureka endpoints via configuration
2019-06-04 09:22:10.477 [AsyncResolver-bootstrap-executor-0] INFO  com.netflix.discovery.shared.resolver.aws.ConfigClusterResolver - Resolving eureka endpoints via configuration
2019-06-04 09:27:10.497 [AsyncResolver-bootstrap-executor-0] INFO  com.netflix.discovery.shared.resolver.aws.ConfigClusterResolver - Resolving eureka endpoints via configuration
2019-06-04 09:32:10.508 [AsyncResolver-bootstrap-executor-0] INFO  com.netflix.discovery.shared.resolver.aws.ConfigClusterResolver - Resolving eureka endpoints via configuration
2019-06-04 09:37:10.540 [AsyncResolver-bootstrap-executor-0] INFO  com.netflix.discovery.shared.resolver.aws.ConfigClusterResolver - Resolving eureka endpoints via configuration
2019-06-04 09:42:10.550 [AsyncResolver-bootstrap-executor-0] INFO  com.netflix.discovery.shared.resolver.aws.ConfigClusterResolver - Resolving eureka endpoints via configuration
2019-06-04 09:47:10.564 [AsyncResolver-bootstrap-executor-0] INFO  com.netflix.discovery.shared.resolver.aws.ConfigClusterResolver - Resolving eureka endpoints via configuration
2019-06-04 09:52:10.575 [AsyncResolver-bootstrap-executor-0] INFO  com.netflix.discovery.shared.resolver.aws.ConfigClusterResolver - Resolving eureka endpoints via configuration
2019-06-04 09:57:10.604 [AsyncResolver-bootstrap-executor-0] INFO  com.netflix.discovery.shared.resolver.aws.ConfigClusterResolver - Resolving eureka endpoints via configuration
2019-06-04 10:02:10.614 [AsyncResolver-bootstrap-executor-0] INFO  com.netflix.discovery.shared.resolver.aws.ConfigClusterResolver - Resolving eureka endpoints via configuration
2019-06-04 10:07:10.624 [AsyncResolver-bootstrap-executor-0] INFO  com.netflix.discovery.shared.resolver.aws.ConfigClusterResolver - Resolving eureka endpoints via configuration
2019-06-04 10:12:10.639 [AsyncResolver-bootstrap-executor-0] INFO  com.netflix.discovery.shared.resolver.aws.ConfigClusterResolver - Resolving eureka endpoints via configuration
2019-06-04 10:17:10.666 [AsyncResolver-bootstrap-executor-0] INFO  com.netflix.discovery.shared.resolver.aws.ConfigClusterResolver - Resolving eureka endpoints via configuration
2019-06-04 10:22:10.679 [AsyncResolver-bootstrap-executor-0] INFO  com.netflix.discovery.shared.resolver.aws.ConfigClusterResolver - Resolving eureka endpoints via configuration
2019-06-04 10:27:10.702 [AsyncResolver-bootstrap-executor-0] INFO  com.netflix.discovery.shared.resolver.aws.ConfigClusterResolver - Resolving eureka endpoints via configuration
2019-06-04 10:32:10.713 [AsyncResolver-bootstrap-executor-0] INFO  com.netflix.discovery.shared.resolver.aws.ConfigClusterResolver - Resolving eureka endpoints via configuration
2019-06-04 10:37:10.725 [AsyncResolver-bootstrap-executor-0] INFO  com.netflix.discovery.shared.resolver.aws.ConfigClusterResolver - Resolving eureka endpoints via configuration
2019-06-04 10:42:10.763 [AsyncResolver-bootstrap-executor-0] INFO  com.netflix.discovery.shared.resolver.aws.ConfigClusterResolver - Resolving eureka endpoints via configuration
2019-06-04 10:47:10.775 [AsyncResolver-bootstrap-executor-0] INFO  com.netflix.discovery.shared.resolver.aws.ConfigClusterResolver - Resolving eureka endpoints via configuration
2019-06-04 10:52:10.812 [AsyncResolver-bootstrap-executor-0] INFO  com.netflix.discovery.shared.resolver.aws.ConfigClusterResolver - Resolving eureka endpoints via configuration
2019-06-04 10:57:10.823 [AsyncResolver-bootstrap-executor-0] INFO  com.netflix.discovery.shared.resolver.aws.ConfigClusterResolver - Resolving eureka endpoints via configuration
2019-06-04 11:02:10.833 [AsyncResolver-bootstrap-executor-0] INFO  com.netflix.discovery.shared.resolver.aws.ConfigClusterResolver - Resolving eureka endpoints via configuration
2019-06-04 11:07:10.843 [AsyncResolver-bootstrap-executor-0] INFO  com.netflix.discovery.shared.resolver.aws.ConfigClusterResolver - Resolving eureka endpoints via configuration
2019-06-04 11:12:10.853 [AsyncResolver-bootstrap-executor-0] INFO  com.netflix.discovery.shared.resolver.aws.ConfigClusterResolver - Resolving eureka endpoints via configuration
2019-06-04 11:17:10.876 [AsyncResolver-bootstrap-executor-0] INFO  com.netflix.discovery.shared.resolver.aws.ConfigClusterResolver - Resolving eureka endpoints via configuration
2019-06-04 11:22:10.886 [AsyncResolver-bootstrap-executor-0] INFO  com.netflix.discovery.shared.resolver.aws.ConfigClusterResolver - Resolving eureka endpoints via configuration
2019-06-04 11:27:10.896 [AsyncResolver-bootstrap-executor-0] INFO  com.netflix.discovery.shared.resolver.aws.ConfigClusterResolver - Resolving eureka endpoints via configuration
2019-06-04 11:32:10.924 [AsyncResolver-bootstrap-executor-0] INFO  com.netflix.discovery.shared.resolver.aws.ConfigClusterResolver - Resolving eureka endpoints via configuration
2019-06-04 11:37:10.959 [AsyncResolver-bootstrap-executor-0] INFO  com.netflix.discovery.shared.resolver.aws.ConfigClusterResolver - Resolving eureka endpoints via configuration
2019-06-04 11:42:10.972 [AsyncResolver-bootstrap-executor-0] INFO  com.netflix.discovery.shared.resolver.aws.ConfigClusterResolver - Resolving eureka endpoints via configuration
2019-06-04 11:47:10.983 [AsyncResolver-bootstrap-executor-0] INFO  com.netflix.discovery.shared.resolver.aws.ConfigClusterResolver - Resolving eureka endpoints via configuration
2019-06-04 11:52:10.998 [AsyncResolver-bootstrap-executor-0] INFO  com.netflix.discovery.shared.resolver.aws.ConfigClusterResolver - Resolving eureka endpoints via configuration
2019-06-04 11:57:11.008 [AsyncResolver-bootstrap-executor-0] INFO  com.netflix.discovery.shared.resolver.aws.ConfigClusterResolver - Resolving eureka endpoints via configuration
2019-06-04 12:02:11.033 [AsyncResolver-bootstrap-executor-0] INFO  com.netflix.discovery.shared.resolver.aws.ConfigClusterResolver - Resolving eureka endpoints via configuration
2019-06-04 12:07:11.043 [AsyncResolver-bootstrap-executor-0] INFO  com.netflix.discovery.shared.resolver.aws.ConfigClusterResolver - Resolving eureka endpoints via configuration
2019-06-04 12:12:11.053 [AsyncResolver-bootstrap-executor-0] INFO  com.netflix.discovery.shared.resolver.aws.ConfigClusterResolver - Resolving eureka endpoints via configuration
2019-06-04 12:17:11.063 [AsyncResolver-bootstrap-executor-0] INFO  com.netflix.discovery.shared.resolver.aws.ConfigClusterResolver - Resolving eureka endpoints via configuration
2019-06-04 12:22:11.074 [AsyncResolver-bootstrap-executor-0] INFO  com.netflix.discovery.shared.resolver.aws.ConfigClusterResolver - Resolving eureka endpoints via configuration
2019-06-04 12:27:11.084 [AsyncResolver-bootstrap-executor-0] INFO  com.netflix.discovery.shared.resolver.aws.ConfigClusterResolver - Resolving eureka endpoints via configuration
2019-06-04 12:32:11.095 [AsyncResolver-bootstrap-executor-0] INFO  com.netflix.discovery.shared.resolver.aws.ConfigClusterResolver - Resolving eureka endpoints via configuration
2019-06-04 12:37:11.105 [AsyncResolver-bootstrap-executor-0] INFO  com.netflix.discovery.shared.resolver.aws.ConfigClusterResolver - Resolving eureka endpoints via configuration
2019-06-04 12:42:11.115 [AsyncResolver-bootstrap-executor-0] INFO  com.netflix.discovery.shared.resolver.aws.ConfigClusterResolver - Resolving eureka endpoints via configuration
2019-06-04 12:47:11.124 [AsyncResolver-bootstrap-executor-0] INFO  com.netflix.discovery.shared.resolver.aws.ConfigClusterResolver - Resolving eureka endpoints via configuration
2019-06-04 12:52:11.135 [AsyncResolver-bootstrap-executor-0] INFO  com.netflix.discovery.shared.resolver.aws.ConfigClusterResolver - Resolving eureka endpoints via configuration
2019-06-04 12:57:11.146 [AsyncResolver-bootstrap-executor-0] INFO  com.netflix.discovery.shared.resolver.aws.ConfigClusterResolver - Resolving eureka endpoints via configuration
2019-06-04 13:02:11.212 [AsyncResolver-bootstrap-executor-0] INFO  com.netflix.discovery.shared.resolver.aws.ConfigClusterResolver - Resolving eureka endpoints via configuration
2019-06-04 13:07:11.223 [AsyncResolver-bootstrap-executor-0] INFO  com.netflix.discovery.shared.resolver.aws.ConfigClusterResolver - Resolving eureka endpoints via configuration
2019-06-04 13:12:11.234 [AsyncResolver-bootstrap-executor-0] INFO  com.netflix.discovery.shared.resolver.aws.ConfigClusterResolver - Resolving eureka endpoints via configuration
2019-06-04 13:17:11.244 [AsyncResolver-bootstrap-executor-0] INFO  com.netflix.discovery.shared.resolver.aws.ConfigClusterResolver - Resolving eureka endpoints via configuration
2019-06-04 13:22:11.256 [AsyncResolver-bootstrap-executor-0] INFO  com.netflix.discovery.shared.resolver.aws.ConfigClusterResolver - Resolving eureka endpoints via configuration
2019-06-04 13:27:11.266 [AsyncResolver-bootstrap-executor-0] INFO  com.netflix.discovery.shared.resolver.aws.ConfigClusterResolver - Resolving eureka endpoints via configuration
2019-06-04 13:32:11.277 [AsyncResolver-bootstrap-executor-0] INFO  com.netflix.discovery.shared.resolver.aws.ConfigClusterResolver - Resolving eureka endpoints via configuration
2019-06-04 13:37:11.300 [AsyncResolver-bootstrap-executor-0] INFO  com.netflix.discovery.shared.resolver.aws.ConfigClusterResolver - Resolving eureka endpoints via configuration
2019-06-04 13:42:11.310 [AsyncResolver-bootstrap-executor-0] INFO  com.netflix.discovery.shared.resolver.aws.ConfigClusterResolver - Resolving eureka endpoints via configuration
2019-06-04 13:47:11.320 [AsyncResolver-bootstrap-executor-0] INFO  com.netflix.discovery.shared.resolver.aws.ConfigClusterResolver - Resolving eureka endpoints via configuration
2019-06-04 13:52:11.330 [AsyncResolver-bootstrap-executor-0] INFO  com.netflix.discovery.shared.resolver.aws.ConfigClusterResolver - Resolving eureka endpoints via configuration
2019-06-04 13:57:11.341 [AsyncResolver-bootstrap-executor-0] INFO  com.netflix.discovery.shared.resolver.aws.ConfigClusterResolver - Resolving eureka endpoints via configuration
2019-06-04 14:02:11.351 [AsyncResolver-bootstrap-executor-0] INFO  com.netflix.discovery.shared.resolver.aws.ConfigClusterResolver - Resolving eureka endpoints via configuration
2019-06-04 14:07:11.363 [AsyncResolver-bootstrap-executor-0] INFO  com.netflix.discovery.shared.resolver.aws.ConfigClusterResolver - Resolving eureka endpoints via configuration
2019-06-04 14:12:11.374 [AsyncResolver-bootstrap-executor-0] INFO  com.netflix.discovery.shared.resolver.aws.ConfigClusterResolver - Resolving eureka endpoints via configuration
2019-06-04 14:17:11.399 [AsyncResolver-bootstrap-executor-0] INFO  com.netflix.discovery.shared.resolver.aws.ConfigClusterResolver - Resolving eureka endpoints via configuration
2019-06-04 14:22:11.425 [AsyncResolver-bootstrap-executor-0] INFO  com.netflix.discovery.shared.resolver.aws.ConfigClusterResolver - Resolving eureka endpoints via configuration
2019-06-04 14:24:55.330 [RMI TCP Connection(2)-127.0.0.1] WARN  com.netflix.discovery.DiscoveryClient - Saw local status change event StatusChangeEvent [timestamp=1559629495330, current=DOWN, previous=UP]
2019-06-04 14:24:55.390 [DiscoveryClient-InstanceInfoReplicator-0] INFO  com.netflix.discovery.DiscoveryClient - DiscoveryClient_MEMBER/qiuhang-PC:member:8762: registering service...
2019-06-04 14:24:55.510 [RMI TCP Connection(2)-127.0.0.1] INFO  com.netflix.discovery.DiscoveryClient - Shutting down DiscoveryClient ...
2019-06-04 14:24:55.783 [RMI TCP Connection(2)-127.0.0.1] INFO  com.netflix.discovery.DiscoveryClient - Unregistering ...
2019-06-04 14:24:56.016 [DiscoveryClient-InstanceInfoReplicator-0] INFO  com.netflix.discovery.DiscoveryClient - DiscoveryClient_MEMBER/qiuhang-PC:member:8762 - registration status: 204
2019-06-04 14:24:56.189 [RMI TCP Connection(2)-127.0.0.1] INFO  com.netflix.discovery.DiscoveryClient - DiscoveryClient_MEMBER/qiuhang-PC:member:8762 - deregister  status: 200
2019-06-04 14:24:56.373 [RMI TCP Connection(2)-127.0.0.1] INFO  com.netflix.discovery.DiscoveryClient - Completed shut down of DiscoveryClient
2019-06-04 14:25:00.135 [RMI TCP Connection(2)-127.0.0.1] INFO  com.alibaba.druid.pool.DruidDataSource - {dataSource-1} closed
2019-06-04 14:25:00.478 [RMI TCP Connection(2)-127.0.0.1] INFO  org.apache.coyote.http11.Http11NioProtocol - Pausing ProtocolHandler ["http-nio-8762"]
2019-06-04 14:25:00.875 [RMI TCP Connection(2)-127.0.0.1] INFO  org.apache.catalina.core.StandardService - Stopping service Tomcat
2019-06-04 14:25:01.161 [localhost-startStop-2] INFO  org.apache.catalina.core.ContainerBase.[Tomcat].[localhost].[/] - Destroying Spring FrameworkServlet 'dispatcherServlet'
2019-06-04 14:25:01.957 [RMI TCP Connection(2)-127.0.0.1] INFO  org.apache.coyote.http11.Http11NioProtocol - Stopping ProtocolHandler ["http-nio-8762"]
2019-06-04 14:25:02.235 [RMI TCP Connection(2)-127.0.0.1] INFO  org.apache.coyote.http11.Http11NioProtocol - Destroying ProtocolHandler ["http-nio-8762"]
2019-06-04 14:26:18.138 [main] INFO  com.qiuhang.shopp.MemberServer - No active profile set, falling back to default profiles: default
2019-06-04 14:26:21.646 [main] INFO  org.apache.catalina.core.StandardService - Starting service Tomcat
2019-06-04 14:26:21.648 [main] INFO  org.apache.catalina.core.StandardEngine - Starting Servlet Engine: Apache Tomcat/8.5.14
2019-06-04 14:26:21.863 [localhost-startStop-1] INFO  org.apache.catalina.core.ContainerBase.[Tomcat].[localhost].[/] - Initializing Spring embedded WebApplicationContext
2019-06-04 14:26:28.376 [main] WARN  com.netflix.config.sources.URLConfigurationSource - No URLs will be polled as dynamic configuration sources.
2019-06-04 14:26:28.376 [main] INFO  com.netflix.config.sources.URLConfigurationSource - To enable URLs as dynamic configuration sources, define System property archaius.configurationSource.additionalUrls or make config.properties available on classpath.
2019-06-04 14:26:28.384 [main] WARN  com.netflix.config.sources.URLConfigurationSource - No URLs will be polled as dynamic configuration sources.
2019-06-04 14:26:28.385 [main] INFO  com.netflix.config.sources.URLConfigurationSource - To enable URLs as dynamic configuration sources, define System property archaius.configurationSource.additionalUrls or make config.properties available on classpath.
2019-06-04 14:26:29.291 [main] INFO  com.netflix.discovery.DiscoveryClient - Initializing Eureka in region us-east-1
2019-06-04 14:26:29.903 [main] INFO  com.netflix.discovery.provider.DiscoveryJerseyProvider - Using JSON encoding codec LegacyJacksonJson
2019-06-04 14:26:29.903 [main] INFO  com.netflix.discovery.provider.DiscoveryJerseyProvider - Using JSON decoding codec LegacyJacksonJson
2019-06-04 14:26:30.109 [main] INFO  com.netflix.discovery.provider.DiscoveryJerseyProvider - Using XML encoding codec XStreamXml
2019-06-04 14:26:30.109 [main] INFO  com.netflix.discovery.provider.DiscoveryJerseyProvider - Using XML decoding codec XStreamXml
2019-06-04 14:26:30.611 [main] INFO  com.netflix.discovery.shared.resolver.aws.ConfigClusterResolver - Resolving eureka endpoints via configuration
2019-06-04 14:26:30.914 [main] INFO  com.netflix.discovery.DiscoveryClient - Disable delta property : false
2019-06-04 14:26:30.915 [main] INFO  com.netflix.discovery.DiscoveryClient - Single vip registry refresh property : null
2019-06-04 14:26:30.915 [main] INFO  com.netflix.discovery.DiscoveryClient - Force full registry fetch : false
2019-06-04 14:26:30.915 [main] INFO  com.netflix.discovery.DiscoveryClient - Application is null : false
2019-06-04 14:26:30.915 [main] INFO  com.netflix.discovery.DiscoveryClient - Registered Applications size is zero : true
2019-06-04 14:26:30.916 [main] INFO  com.netflix.discovery.DiscoveryClient - Application version is -1: true
2019-06-04 14:26:30.916 [main] INFO  com.netflix.discovery.DiscoveryClient - Getting all instance registry info from the eureka server
2019-06-04 14:26:31.285 [main] INFO  com.netflix.discovery.DiscoveryClient - The response status is 200
2019-06-04 14:26:31.286 [main] INFO  com.netflix.discovery.DiscoveryClient - Starting heartbeat executor: renew interval is: 30
2019-06-04 14:26:31.344 [main] INFO  com.netflix.discovery.InstanceInfoReplicator - InstanceInfoReplicator onDemand update allowed rate per min is 4
2019-06-04 14:26:31.349 [main] INFO  com.netflix.discovery.DiscoveryClient - Discovery Client initialized at timestamp 1559629591349 with initial instances count: 2
2019-06-04 14:26:31.404 [main] INFO  com.netflix.discovery.DiscoveryClient - Saw local status change event StatusChangeEvent [timestamp=1559629591404, current=UP, previous=STARTING]
2019-06-04 14:26:31.438 [DiscoveryClient-InstanceInfoReplicator-0] INFO  com.netflix.discovery.DiscoveryClient - DiscoveryClient_MEMBER/qiuhang-PC:member:8762: registering service...
2019-06-04 14:26:31.524 [DiscoveryClient-InstanceInfoReplicator-0] INFO  com.netflix.discovery.DiscoveryClient - DiscoveryClient_MEMBER/qiuhang-PC:member:8762 - registration status: 204
2019-06-04 14:26:31.562 [main] INFO  org.apache.coyote.http11.Http11NioProtocol - Initializing ProtocolHandler ["http-nio-8762"]
2019-06-04 14:26:31.585 [main] INFO  org.apache.coyote.http11.Http11NioProtocol - Starting ProtocolHandler ["http-nio-8762"]
2019-06-04 14:26:31.602 [main] INFO  org.apache.tomcat.util.net.NioSelectorPool - Using a shared selector for servlet write/read
2019-06-04 14:26:31.651 [main] INFO  com.qiuhang.shopp.MemberServer - Started MemberServer in 16.206 seconds (JVM running for 18.131)
2019-06-04 14:31:30.929 [AsyncResolver-bootstrap-executor-0] INFO  com.netflix.discovery.shared.resolver.aws.ConfigClusterResolver - Resolving eureka endpoints via configuration
2019-06-04 14:35:51.503 [http-nio-8762-exec-1] INFO  org.apache.catalina.core.ContainerBase.[Tomcat].[localhost].[/] - Initializing Spring FrameworkServlet 'dispatcherServlet'
2019-06-04 14:35:51.593 [http-nio-8762-exec-1] INFO  com.qiuhang.shopp.base.LogAspectServiceApi - ===============请求内容===============
2019-06-04 14:35:51.594 [http-nio-8762-exec-1] INFO  com.qiuhang.shopp.base.LogAspectServiceApi - 请求地址:http://qiuhang-PC:8762/member/login
2019-06-04 14:35:51.594 [http-nio-8762-exec-1] INFO  com.qiuhang.shopp.base.LogAspectServiceApi - 请求方式:POST
2019-06-04 14:35:51.596 [http-nio-8762-exec-1] INFO  com.qiuhang.shopp.base.LogAspectServiceApi - 请求类方法:ResponseBase com.qiuhang.shopp.api.service.impl.MemberServiceImpl.login(UserEntity)
2019-06-04 14:35:51.596 [http-nio-8762-exec-1] INFO  com.qiuhang.shopp.base.LogAspectServiceApi - 请求类方法参数:[com.qiuhang.shopp.entity.UserEntity@33aea0e7]
2019-06-04 14:35:51.596 [http-nio-8762-exec-1] INFO  com.qiuhang.shopp.base.LogAspectServiceApi - ===============请求内容===============
2019-06-04 14:35:51.722 [http-nio-8762-exec-1] INFO  com.alibaba.druid.pool.DruidDataSource - {dataSource-1} inited
2019-06-04 14:35:54.570 [http-nio-8762-exec-1] INFO  com.qiuhang.shopp.api.service.impl.MemberServiceImpl - 用户信息已缓存，token：MEMBER_TOKEN720bba25-4af3-49a6-9571-52395e887129,id:58
2019-06-04 14:35:54.570 [http-nio-8762-exec-1] INFO  com.qiuhang.shopp.base.BaseRedis - MEMBER_TOKEN720bba25-4af3-49a6-9571-52395e887129,58
2019-06-04 14:35:55.001 [http-nio-8762-exec-1] INFO  com.qiuhang.shopp.base.LogAspectServiceApi - --------------返回内容----------------
2019-06-04 14:35:55.016 [http-nio-8762-exec-1] INFO  com.qiuhang.shopp.base.LogAspectServiceApi - Response内容:{"data":{"memberToken":"MEMBER_TOKEN720bba25-4af3-49a6-9571-52395e887129"},"rtnCode":200,"rtnMsg":"success"}
2019-06-04 14:35:55.017 [http-nio-8762-exec-1] INFO  com.qiuhang.shopp.base.LogAspectServiceApi - --------------返回内容----------------
2019-06-04 14:36:30.941 [AsyncResolver-bootstrap-executor-0] INFO  com.netflix.discovery.shared.resolver.aws.ConfigClusterResolver - Resolving eureka endpoints via configuration
2019-06-04 14:37:40.453 [http-nio-8762-exec-3] INFO  com.qiuhang.shopp.base.LogAspectServiceApi - ===============请求内容===============
2019-06-04 14:37:40.453 [http-nio-8762-exec-3] INFO  com.qiuhang.shopp.base.LogAspectServiceApi - 请求地址:http://qiuhang-PC:8762/member/login
2019-06-04 14:37:40.453 [http-nio-8762-exec-3] INFO  com.qiuhang.shopp.base.LogAspectServiceApi - 请求方式:POST
2019-06-04 14:37:40.453 [http-nio-8762-exec-3] INFO  com.qiuhang.shopp.base.LogAspectServiceApi - 请求类方法:ResponseBase com.qiuhang.shopp.api.service.impl.MemberServiceImpl.login(UserEntity)
2019-06-04 14:37:40.453 [http-nio-8762-exec-3] INFO  com.qiuhang.shopp.base.LogAspectServiceApi - 请求类方法参数:[com.qiuhang.shopp.entity.UserEntity@836bee8]
2019-06-04 14:37:40.453 [http-nio-8762-exec-3] INFO  com.qiuhang.shopp.base.LogAspectServiceApi - ===============请求内容===============
2019-06-04 14:37:40.485 [http-nio-8762-exec-3] INFO  com.qiuhang.shopp.api.service.impl.MemberServiceImpl - 用户信息已缓存，token：MEMBER_TOKENac2c0b03-6842-4393-9524-895af7e0dfe0,id:58
2019-06-04 14:37:40.485 [http-nio-8762-exec-3] INFO  com.qiuhang.shopp.base.BaseRedis - MEMBER_TOKENac2c0b03-6842-4393-9524-895af7e0dfe0,58
2019-06-04 14:37:40.487 [http-nio-8762-exec-3] INFO  com.qiuhang.shopp.base.LogAspectServiceApi - --------------返回内容----------------
2019-06-04 14:37:40.487 [http-nio-8762-exec-3] INFO  com.qiuhang.shopp.base.LogAspectServiceApi - Response内容:{"data":{"memberToken":"MEMBER_TOKENac2c0b03-6842-4393-9524-895af7e0dfe0"},"rtnCode":200,"rtnMsg":"success"}
2019-06-04 14:37:40.487 [http-nio-8762-exec-3] INFO  com.qiuhang.shopp.base.LogAspectServiceApi - --------------返回内容----------------
2019-06-04 14:40:43.125 [http-nio-8762-exec-5] INFO  com.qiuhang.shopp.base.LogAspectServiceApi - ===============请求内容===============
2019-06-04 14:40:43.126 [http-nio-8762-exec-5] INFO  com.qiuhang.shopp.base.LogAspectServiceApi - 请求地址:http://qiuhang-PC:8762/member/login
2019-06-04 14:40:43.126 [http-nio-8762-exec-5] INFO  com.qiuhang.shopp.base.LogAspectServiceApi - 请求方式:POST
2019-06-04 14:40:43.126 [http-nio-8762-exec-5] INFO  com.qiuhang.shopp.base.LogAspectServiceApi - 请求类方法:ResponseBase com.qiuhang.shopp.api.service.impl.MemberServiceImpl.login(UserEntity)
2019-06-04 14:40:43.126 [http-nio-8762-exec-5] INFO  com.qiuhang.shopp.base.LogAspectServiceApi - 请求类方法参数:[com.qiuhang.shopp.entity.UserEntity@5c67b13e]
2019-06-04 14:40:43.126 [http-nio-8762-exec-5] INFO  com.qiuhang.shopp.base.LogAspectServiceApi - ===============请求内容===============
2019-06-04 14:40:43.128 [http-nio-8762-exec-5] INFO  com.qiuhang.shopp.api.service.impl.MemberServiceImpl - 用户信息已缓存，token：MEMBER_TOKEN95bcdc65-1c08-4f80-9975-faca091c6b98,id:58
2019-06-04 14:40:43.129 [http-nio-8762-exec-5] INFO  com.qiuhang.shopp.base.BaseRedis - MEMBER_TOKEN95bcdc65-1c08-4f80-9975-faca091c6b98,58
2019-06-04 14:40:43.129 [http-nio-8762-exec-5] INFO  com.qiuhang.shopp.base.LogAspectServiceApi - --------------返回内容----------------
2019-06-04 14:40:43.129 [http-nio-8762-exec-5] INFO  com.qiuhang.shopp.base.LogAspectServiceApi - Response内容:{"data":{"memberToken":"MEMBER_TOKEN95bcdc65-1c08-4f80-9975-faca091c6b98"},"rtnCode":200,"rtnMsg":"success"}
2019-06-04 14:40:43.129 [http-nio-8762-exec-5] INFO  com.qiuhang.shopp.base.LogAspectServiceApi - --------------返回内容----------------
2019-06-04 14:40:49.519 [http-nio-8762-exec-6] INFO  com.qiuhang.shopp.base.LogAspectServiceApi - ===============请求内容===============
2019-06-04 14:40:49.519 [http-nio-8762-exec-6] INFO  com.qiuhang.shopp.base.LogAspectServiceApi - 请求地址:http://qiuhang-PC:8762/member/login
2019-06-04 14:40:49.519 [http-nio-8762-exec-6] INFO  com.qiuhang.shopp.base.LogAspectServiceApi - 请求方式:POST
2019-06-04 14:40:49.519 [http-nio-8762-exec-6] INFO  com.qiuhang.shopp.base.LogAspectServiceApi - 请求类方法:ResponseBase com.qiuhang.shopp.api.service.impl.MemberServiceImpl.login(UserEntity)
2019-06-04 14:40:49.519 [http-nio-8762-exec-6] INFO  com.qiuhang.shopp.base.LogAspectServiceApi - 请求类方法参数:[com.qiuhang.shopp.entity.UserEntity@6fa28018]
2019-06-04 14:40:49.519 [http-nio-8762-exec-6] INFO  com.qiuhang.shopp.base.LogAspectServiceApi - ===============请求内容===============
2019-06-04 14:40:49.523 [http-nio-8762-exec-6] INFO  com.qiuhang.shopp.api.service.impl.MemberServiceImpl - 用户信息已缓存，token：MEMBER_TOKEN330d1623-ac08-4092-8562-49a01ff7e6bd,id:58
2019-06-04 14:40:49.523 [http-nio-8762-exec-6] INFO  com.qiuhang.shopp.base.BaseRedis - MEMBER_TOKEN330d1623-ac08-4092-8562-49a01ff7e6bd,58
2019-06-04 14:40:49.524 [http-nio-8762-exec-6] INFO  com.qiuhang.shopp.base.LogAspectServiceApi - --------------返回内容----------------
2019-06-04 14:40:49.524 [http-nio-8762-exec-6] INFO  com.qiuhang.shopp.base.LogAspectServiceApi - Response内容:{"data":{"memberToken":"MEMBER_TOKEN330d1623-ac08-4092-8562-49a01ff7e6bd"},"rtnCode":200,"rtnMsg":"success"}
2019-06-04 14:40:49.524 [http-nio-8762-exec-6] INFO  com.qiuhang.shopp.base.LogAspectServiceApi - --------------返回内容----------------
2019-06-04 14:41:24.747 [http-nio-8762-exec-8] INFO  com.qiuhang.shopp.base.LogAspectServiceApi - ===============请求内容===============
2019-06-04 14:41:24.747 [http-nio-8762-exec-8] INFO  com.qiuhang.shopp.base.LogAspectServiceApi - 请求地址:http://qiuhang-PC:8762/member/login
2019-06-04 14:41:24.747 [http-nio-8762-exec-8] INFO  com.qiuhang.shopp.base.LogAspectServiceApi - 请求方式:POST
2019-06-04 14:41:24.747 [http-nio-8762-exec-8] INFO  com.qiuhang.shopp.base.LogAspectServiceApi - 请求类方法:ResponseBase com.qiuhang.shopp.api.service.impl.MemberServiceImpl.login(UserEntity)
2019-06-04 14:41:24.747 [http-nio-8762-exec-8] INFO  com.qiuhang.shopp.base.LogAspectServiceApi - 请求类方法参数:[com.qiuhang.shopp.entity.UserEntity@460a555d]
2019-06-04 14:41:24.747 [http-nio-8762-exec-8] INFO  com.qiuhang.shopp.base.LogAspectServiceApi - ===============请求内容===============
2019-06-04 14:41:24.750 [http-nio-8762-exec-8] INFO  com.qiuhang.shopp.api.service.impl.MemberServiceImpl - 用户信息已缓存，token：MEMBER_TOKEN876e8a13-e941-455f-bcb0-37e452524bbd,id:58
2019-06-04 14:41:24.750 [http-nio-8762-exec-8] INFO  com.qiuhang.shopp.base.BaseRedis - MEMBER_TOKEN876e8a13-e941-455f-bcb0-37e452524bbd,58
2019-06-04 14:41:24.751 [http-nio-8762-exec-8] INFO  com.qiuhang.shopp.base.LogAspectServiceApi - --------------返回内容----------------
2019-06-04 14:41:24.751 [http-nio-8762-exec-8] INFO  com.qiuhang.shopp.base.LogAspectServiceApi - Response内容:{"data":{"memberToken":"MEMBER_TOKEN876e8a13-e941-455f-bcb0-37e452524bbd"},"rtnCode":200,"rtnMsg":"success"}
2019-06-04 14:41:24.751 [http-nio-8762-exec-8] INFO  com.qiuhang.shopp.base.LogAspectServiceApi - --------------返回内容----------------
2019-06-04 14:41:30.951 [AsyncResolver-bootstrap-executor-0] INFO  com.netflix.discovery.shared.resolver.aws.ConfigClusterResolver - Resolving eureka endpoints via configuration
2019-06-04 14:41:37.155 [http-nio-8762-exec-1] INFO  com.qiuhang.shopp.base.LogAspectServiceApi - ===============请求内容===============
2019-06-04 14:41:37.155 [http-nio-8762-exec-1] INFO  com.qiuhang.shopp.base.LogAspectServiceApi - 请求地址:http://qiuhang-PC:8762/member/login
2019-06-04 14:41:37.156 [http-nio-8762-exec-1] INFO  com.qiuhang.shopp.base.LogAspectServiceApi - 请求方式:POST
2019-06-04 14:41:37.156 [http-nio-8762-exec-1] INFO  com.qiuhang.shopp.base.LogAspectServiceApi - 请求类方法:ResponseBase com.qiuhang.shopp.api.service.impl.MemberServiceImpl.login(UserEntity)
2019-06-04 14:41:37.156 [http-nio-8762-exec-1] INFO  com.qiuhang.shopp.base.LogAspectServiceApi - 请求类方法参数:[com.qiuhang.shopp.entity.UserEntity@45a228d5]
2019-06-04 14:41:37.156 [http-nio-8762-exec-1] INFO  com.qiuhang.shopp.base.LogAspectServiceApi - ===============请求内容===============
2019-06-04 14:41:37.159 [http-nio-8762-exec-1] INFO  com.qiuhang.shopp.api.service.impl.MemberServiceImpl - 用户信息已缓存，token：MEMBER_TOKEN2b8784c4-0960-4d48-b9e0-053966a53500,id:58
2019-06-04 14:41:37.160 [http-nio-8762-exec-1] INFO  com.qiuhang.shopp.base.BaseRedis - MEMBER_TOKEN2b8784c4-0960-4d48-b9e0-053966a53500,58
2019-06-04 14:41:37.160 [http-nio-8762-exec-1] INFO  com.qiuhang.shopp.base.LogAspectServiceApi - --------------返回内容----------------
2019-06-04 14:41:37.160 [http-nio-8762-exec-1] INFO  com.qiuhang.shopp.base.LogAspectServiceApi - Response内容:{"data":{"memberToken":"MEMBER_TOKEN2b8784c4-0960-4d48-b9e0-053966a53500"},"rtnCode":200,"rtnMsg":"success"}
2019-06-04 14:41:37.161 [http-nio-8762-exec-1] INFO  com.qiuhang.shopp.base.LogAspectServiceApi - --------------返回内容----------------
2019-06-04 14:46:30.961 [AsyncResolver-bootstrap-executor-0] INFO  com.netflix.discovery.shared.resolver.aws.ConfigClusterResolver - Resolving eureka endpoints via configuration
2019-06-04 14:51:30.972 [AsyncResolver-bootstrap-executor-0] INFO  com.netflix.discovery.shared.resolver.aws.ConfigClusterResolver - Resolving eureka endpoints via configuration
2019-06-04 14:56:30.983 [AsyncResolver-bootstrap-executor-0] INFO  com.netflix.discovery.shared.resolver.aws.ConfigClusterResolver - Resolving eureka endpoints via configuration
2019-06-04 14:56:53.797 [http-nio-8762-exec-3] INFO  com.qiuhang.shopp.base.LogAspectServiceApi - ===============请求内容===============
2019-06-04 14:56:53.797 [http-nio-8762-exec-3] INFO  com.qiuhang.shopp.base.LogAspectServiceApi - 请求地址:http://qiuhang-PC:8762/member/login
2019-06-04 14:56:53.797 [http-nio-8762-exec-3] INFO  com.qiuhang.shopp.base.LogAspectServiceApi - 请求方式:POST
2019-06-04 14:56:53.797 [http-nio-8762-exec-3] INFO  com.qiuhang.shopp.base.LogAspectServiceApi - 请求类方法:ResponseBase com.qiuhang.shopp.api.service.impl.MemberServiceImpl.login(UserEntity)
2019-06-04 14:56:53.797 [http-nio-8762-exec-3] INFO  com.qiuhang.shopp.base.LogAspectServiceApi - 请求类方法参数:[com.qiuhang.shopp.entity.UserEntity@5ec85e60]
2019-06-04 14:56:53.797 [http-nio-8762-exec-3] INFO  com.qiuhang.shopp.base.LogAspectServiceApi - ===============请求内容===============
2019-06-04 14:56:53.814 [http-nio-8762-exec-3] INFO  com.qiuhang.shopp.api.service.impl.MemberServiceImpl - 用户信息已缓存，token：MEMBER_TOKENfbf5e32c-fd99-430a-abfa-6b5ed4061205,id:58
2019-06-04 14:56:53.814 [http-nio-8762-exec-3] INFO  com.qiuhang.shopp.base.BaseRedis - MEMBER_TOKENfbf5e32c-fd99-430a-abfa-6b5ed4061205,58
2019-06-04 14:56:53.814 [http-nio-8762-exec-3] INFO  com.qiuhang.shopp.base.LogAspectServiceApi - --------------返回内容----------------
2019-06-04 14:56:53.815 [http-nio-8762-exec-3] INFO  com.qiuhang.shopp.base.LogAspectServiceApi - Response内容:{"data":{"memberToken":"MEMBER_TOKENfbf5e32c-fd99-430a-abfa-6b5ed4061205"},"rtnCode":200,"rtnMsg":"success"}
2019-06-04 14:56:53.815 [http-nio-8762-exec-3] INFO  com.qiuhang.shopp.base.LogAspectServiceApi - --------------返回内容----------------
2019-06-04 14:58:09.171 [http-nio-8762-exec-5] INFO  com.qiuhang.shopp.base.LogAspectServiceApi - ===============请求内容===============
2019-06-04 14:58:09.171 [http-nio-8762-exec-5] INFO  com.qiuhang.shopp.base.LogAspectServiceApi - 请求地址:http://qiuhang-PC:8762/member/login
2019-06-04 14:58:09.171 [http-nio-8762-exec-5] INFO  com.qiuhang.shopp.base.LogAspectServiceApi - 请求方式:POST
2019-06-04 14:58:09.171 [http-nio-8762-exec-5] INFO  com.qiuhang.shopp.base.LogAspectServiceApi - 请求类方法:ResponseBase com.qiuhang.shopp.api.service.impl.MemberServiceImpl.login(UserEntity)
2019-06-04 14:58:09.171 [http-nio-8762-exec-5] INFO  com.qiuhang.shopp.base.LogAspectServiceApi - 请求类方法参数:[com.qiuhang.shopp.entity.UserEntity@7292f3f5]
2019-06-04 14:58:09.171 [http-nio-8762-exec-5] INFO  com.qiuhang.shopp.base.LogAspectServiceApi - ===============请求内容===============
2019-06-04 14:58:09.175 [http-nio-8762-exec-5] INFO  com.qiuhang.shopp.api.service.impl.MemberServiceImpl - 用户信息已缓存，token：MEMBER_TOKEN92ed87a3-a000-46ec-a3b6-7e6c54e60b8d,id:58
2019-06-04 14:58:09.175 [http-nio-8762-exec-5] INFO  com.qiuhang.shopp.base.BaseRedis - MEMBER_TOKEN92ed87a3-a000-46ec-a3b6-7e6c54e60b8d,58
2019-06-04 14:58:09.176 [http-nio-8762-exec-5] INFO  com.qiuhang.shopp.base.LogAspectServiceApi - --------------返回内容----------------
2019-06-04 14:58:09.176 [http-nio-8762-exec-5] INFO  com.qiuhang.shopp.base.LogAspectServiceApi - Response内容:{"data":{"memberToken":"MEMBER_TOKEN92ed87a3-a000-46ec-a3b6-7e6c54e60b8d"},"rtnCode":200,"rtnMsg":"success"}
2019-06-04 14:58:09.176 [http-nio-8762-exec-5] INFO  com.qiuhang.shopp.base.LogAspectServiceApi - --------------返回内容----------------
2019-06-04 14:58:25.592 [http-nio-8762-exec-6] INFO  com.qiuhang.shopp.base.LogAspectServiceApi - ===============请求内容===============
2019-06-04 14:58:25.592 [http-nio-8762-exec-6] INFO  com.qiuhang.shopp.base.LogAspectServiceApi - 请求地址:http://qiuhang-PC:8762/member/login
2019-06-04 14:58:25.593 [http-nio-8762-exec-6] INFO  com.qiuhang.shopp.base.LogAspectServiceApi - 请求方式:POST
2019-06-04 14:58:25.593 [http-nio-8762-exec-6] INFO  com.qiuhang.shopp.base.LogAspectServiceApi - 请求类方法:ResponseBase com.qiuhang.shopp.api.service.impl.MemberServiceImpl.login(UserEntity)
2019-06-04 14:58:25.593 [http-nio-8762-exec-6] INFO  com.qiuhang.shopp.base.LogAspectServiceApi - 请求类方法参数:[com.qiuhang.shopp.entity.UserEntity@1f7bc43a]
2019-06-04 14:58:25.593 [http-nio-8762-exec-6] INFO  com.qiuhang.shopp.base.LogAspectServiceApi - ===============请求内容===============
2019-06-04 14:58:25.597 [http-nio-8762-exec-6] INFO  com.qiuhang.shopp.api.service.impl.MemberServiceImpl - 用户信息已缓存，token：MEMBER_TOKENde30832f-6609-460e-b900-24b07883a9cf,id:58
2019-06-04 14:58:25.598 [http-nio-8762-exec-6] INFO  com.qiuhang.shopp.base.BaseRedis - MEMBER_TOKENde30832f-6609-460e-b900-24b07883a9cf,58
2019-06-04 14:58:25.598 [http-nio-8762-exec-6] INFO  com.qiuhang.shopp.base.LogAspectServiceApi - --------------返回内容----------------
2019-06-04 14:58:25.599 [http-nio-8762-exec-6] INFO  com.qiuhang.shopp.base.LogAspectServiceApi - Response内容:{"data":{"memberToken":"MEMBER_TOKENde30832f-6609-460e-b900-24b07883a9cf"},"rtnCode":200,"rtnMsg":"success"}
2019-06-04 14:58:25.599 [http-nio-8762-exec-6] INFO  com.qiuhang.shopp.base.LogAspectServiceApi - --------------返回内容----------------
2019-06-04 15:01:30.994 [AsyncResolver-bootstrap-executor-0] INFO  com.netflix.discovery.shared.resolver.aws.ConfigClusterResolver - Resolving eureka endpoints via configuration
2019-06-04 15:02:15.976 [http-nio-8762-exec-8] INFO  com.qiuhang.shopp.base.LogAspectServiceApi - ===============请求内容===============
2019-06-04 15:02:15.976 [http-nio-8762-exec-8] INFO  com.qiuhang.shopp.base.LogAspectServiceApi - 请求地址:http://qiuhang-PC:8762/member/login
2019-06-04 15:02:15.976 [http-nio-8762-exec-8] INFO  com.qiuhang.shopp.base.LogAspectServiceApi - 请求方式:POST
2019-06-04 15:02:15.977 [http-nio-8762-exec-8] INFO  com.qiuhang.shopp.base.LogAspectServiceApi - 请求类方法:ResponseBase com.qiuhang.shopp.api.service.impl.MemberServiceImpl.login(UserEntity)
2019-06-04 15:02:15.977 [http-nio-8762-exec-8] INFO  com.qiuhang.shopp.base.LogAspectServiceApi - 请求类方法参数:[com.qiuhang.shopp.entity.UserEntity@1dc4a509]
2019-06-04 15:02:15.977 [http-nio-8762-exec-8] INFO  com.qiuhang.shopp.base.LogAspectServiceApi - ===============请求内容===============
2019-06-04 15:02:15.980 [http-nio-8762-exec-8] INFO  com.qiuhang.shopp.api.service.impl.MemberServiceImpl - 用户信息已缓存，token：MEMBER_TOKENf1d232be-674f-4ce6-bb31-02dc3a4db5b3,id:58
2019-06-04 15:02:15.980 [http-nio-8762-exec-8] INFO  com.qiuhang.shopp.base.BaseRedis - MEMBER_TOKENf1d232be-674f-4ce6-bb31-02dc3a4db5b3,58
2019-06-04 15:02:15.981 [http-nio-8762-exec-8] INFO  com.qiuhang.shopp.base.LogAspectServiceApi - --------------返回内容----------------
2019-06-04 15:02:15.981 [http-nio-8762-exec-8] INFO  com.qiuhang.shopp.base.LogAspectServiceApi - Response内容:{"data":{"memberToken":"MEMBER_TOKENf1d232be-674f-4ce6-bb31-02dc3a4db5b3"},"rtnCode":200,"rtnMsg":"success"}
2019-06-04 15:02:15.981 [http-nio-8762-exec-8] INFO  com.qiuhang.shopp.base.LogAspectServiceApi - --------------返回内容----------------
2019-06-04 15:02:16.898 [http-nio-8762-exec-10] INFO  com.qiuhang.shopp.base.LogAspectServiceApi - ===============请求内容===============
2019-06-04 15:02:16.899 [http-nio-8762-exec-10] INFO  com.qiuhang.shopp.base.LogAspectServiceApi - 请求地址:http://qiuhang-PC:8762/member/login
2019-06-04 15:02:16.899 [http-nio-8762-exec-10] INFO  com.qiuhang.shopp.base.LogAspectServiceApi - 请求方式:POST
2019-06-04 15:02:16.899 [http-nio-8762-exec-10] INFO  com.qiuhang.shopp.base.LogAspectServiceApi - 请求类方法:ResponseBase com.qiuhang.shopp.api.service.impl.MemberServiceImpl.login(UserEntity)
2019-06-04 15:02:16.899 [http-nio-8762-exec-10] INFO  com.qiuhang.shopp.base.LogAspectServiceApi - 请求类方法参数:[com.qiuhang.shopp.entity.UserEntity@257e505f]
2019-06-04 15:02:16.899 [http-nio-8762-exec-10] INFO  com.qiuhang.shopp.base.LogAspectServiceApi - ===============请求内容===============
2019-06-04 15:02:16.900 [http-nio-8762-exec-10] INFO  com.qiuhang.shopp.api.service.impl.MemberServiceImpl - 用户信息已缓存，token：MEMBER_TOKENe204b07c-10f7-4ce0-8db3-6c5bfb7f5598,id:58
2019-06-04 15:02:16.901 [http-nio-8762-exec-10] INFO  com.qiuhang.shopp.base.BaseRedis - MEMBER_TOKENe204b07c-10f7-4ce0-8db3-6c5bfb7f5598,58
2019-06-04 15:02:16.901 [http-nio-8762-exec-10] INFO  com.qiuhang.shopp.base.LogAspectServiceApi - --------------返回内容----------------
2019-06-04 15:02:16.902 [http-nio-8762-exec-10] INFO  com.qiuhang.shopp.base.LogAspectServiceApi - Response内容:{"data":{"memberToken":"MEMBER_TOKENe204b07c-10f7-4ce0-8db3-6c5bfb7f5598"},"rtnCode":200,"rtnMsg":"success"}
2019-06-04 15:02:16.902 [http-nio-8762-exec-10] INFO  com.qiuhang.shopp.base.LogAspectServiceApi - --------------返回内容----------------
2019-06-04 15:02:17.475 [http-nio-8762-exec-1] INFO  com.qiuhang.shopp.base.LogAspectServiceApi - ===============请求内容===============
2019-06-04 15:02:17.475 [http-nio-8762-exec-1] INFO  com.qiuhang.shopp.base.LogAspectServiceApi - 请求地址:http://qiuhang-PC:8762/member/login
2019-06-04 15:02:17.475 [http-nio-8762-exec-1] INFO  com.qiuhang.shopp.base.LogAspectServiceApi - 请求方式:POST
2019-06-04 15:02:17.475 [http-nio-8762-exec-1] INFO  com.qiuhang.shopp.base.LogAspectServiceApi - 请求类方法:ResponseBase com.qiuhang.shopp.api.service.impl.MemberServiceImpl.login(UserEntity)
2019-06-04 15:02:17.475 [http-nio-8762-exec-1] INFO  com.qiuhang.shopp.base.LogAspectServiceApi - 请求类方法参数:[com.qiuhang.shopp.entity.UserEntity@177b35bf]
2019-06-04 15:02:17.475 [http-nio-8762-exec-1] INFO  com.qiuhang.shopp.base.LogAspectServiceApi - ===============请求内容===============
2019-06-04 15:02:17.478 [http-nio-8762-exec-1] INFO  com.qiuhang.shopp.api.service.impl.MemberServiceImpl - 用户信息已缓存，token：MEMBER_TOKEN364be88b-2ca7-4372-9cca-d8db812fa0bf,id:58
2019-06-04 15:02:17.478 [http-nio-8762-exec-1] INFO  com.qiuhang.shopp.base.BaseRedis - MEMBER_TOKEN364be88b-2ca7-4372-9cca-d8db812fa0bf,58
2019-06-04 15:02:17.480 [http-nio-8762-exec-1] INFO  com.qiuhang.shopp.base.LogAspectServiceApi - --------------返回内容----------------
2019-06-04 15:02:17.480 [http-nio-8762-exec-1] INFO  com.qiuhang.shopp.base.LogAspectServiceApi - Response内容:{"data":{"memberToken":"MEMBER_TOKEN364be88b-2ca7-4372-9cca-d8db812fa0bf"},"rtnCode":200,"rtnMsg":"success"}
2019-06-04 15:02:17.480 [http-nio-8762-exec-1] INFO  com.qiuhang.shopp.base.LogAspectServiceApi - --------------返回内容----------------
2019-06-04 15:02:17.777 [http-nio-8762-exec-2] INFO  com.qiuhang.shopp.base.LogAspectServiceApi - ===============请求内容===============
2019-06-04 15:02:17.777 [http-nio-8762-exec-2] INFO  com.qiuhang.shopp.base.LogAspectServiceApi - 请求地址:http://qiuhang-PC:8762/member/login
2019-06-04 15:02:17.777 [http-nio-8762-exec-2] INFO  com.qiuhang.shopp.base.LogAspectServiceApi - 请求方式:POST
2019-06-04 15:02:17.777 [http-nio-8762-exec-2] INFO  com.qiuhang.shopp.base.LogAspectServiceApi - 请求类方法:ResponseBase com.qiuhang.shopp.api.service.impl.MemberServiceImpl.login(UserEntity)
2019-06-04 15:02:17.777 [http-nio-8762-exec-2] INFO  com.qiuhang.shopp.base.LogAspectServiceApi - 请求类方法参数:[com.qiuhang.shopp.entity.UserEntity@28a93182]
2019-06-04 15:02:17.777 [http-nio-8762-exec-2] INFO  com.qiuhang.shopp.base.LogAspectServiceApi - ===============请求内容===============
2019-06-04 15:02:17.781 [http-nio-8762-exec-2] INFO  com.qiuhang.shopp.api.service.impl.MemberServiceImpl - 用户信息已缓存，token：MEMBER_TOKEN3676ad7a-78ee-4fd1-8202-d42c416883f0,id:58
2019-06-04 15:02:17.781 [http-nio-8762-exec-2] INFO  com.qiuhang.shopp.base.BaseRedis - MEMBER_TOKEN3676ad7a-78ee-4fd1-8202-d42c416883f0,58
2019-06-04 15:02:17.782 [http-nio-8762-exec-2] INFO  com.qiuhang.shopp.base.LogAspectServiceApi - --------------返回内容----------------
2019-06-04 15:02:17.782 [http-nio-8762-exec-2] INFO  com.qiuhang.shopp.base.LogAspectServiceApi - Response内容:{"data":{"memberToken":"MEMBER_TOKEN3676ad7a-78ee-4fd1-8202-d42c416883f0"},"rtnCode":200,"rtnMsg":"success"}
2019-06-04 15:02:17.783 [http-nio-8762-exec-2] INFO  com.qiuhang.shopp.base.LogAspectServiceApi - --------------返回内容----------------
2019-06-04 15:02:21.595 [http-nio-8762-exec-3] INFO  com.qiuhang.shopp.base.LogAspectServiceApi - ===============请求内容===============
2019-06-04 15:02:21.595 [http-nio-8762-exec-3] INFO  com.qiuhang.shopp.base.LogAspectServiceApi - 请求地址:http://qiuhang-PC:8762/member/login
2019-06-04 15:02:21.595 [http-nio-8762-exec-3] INFO  com.qiuhang.shopp.base.LogAspectServiceApi - 请求方式:POST
2019-06-04 15:02:21.595 [http-nio-8762-exec-3] INFO  com.qiuhang.shopp.base.LogAspectServiceApi - 请求类方法:ResponseBase com.qiuhang.shopp.api.service.impl.MemberServiceImpl.login(UserEntity)
2019-06-04 15:02:21.595 [http-nio-8762-exec-3] INFO  com.qiuhang.shopp.base.LogAspectServiceApi - 请求类方法参数:[com.qiuhang.shopp.entity.UserEntity@3f0a9ee3]
2019-06-04 15:02:21.595 [http-nio-8762-exec-3] INFO  com.qiuhang.shopp.base.LogAspectServiceApi - ===============请求内容===============
2019-06-04 15:02:21.598 [http-nio-8762-exec-3] INFO  com.qiuhang.shopp.api.service.impl.MemberServiceImpl - 用户信息已缓存，token：MEMBER_TOKEN4d9ca2df-d3b8-4dbd-8707-03e5d4bac1bd,id:58
2019-06-04 15:02:21.598 [http-nio-8762-exec-3] INFO  com.qiuhang.shopp.base.BaseRedis - MEMBER_TOKEN4d9ca2df-d3b8-4dbd-8707-03e5d4bac1bd,58
2019-06-04 15:02:21.598 [http-nio-8762-exec-3] INFO  com.qiuhang.shopp.base.LogAspectServiceApi - --------------返回内容----------------
2019-06-04 15:02:21.598 [http-nio-8762-exec-3] INFO  com.qiuhang.shopp.base.LogAspectServiceApi - Response内容:{"data":{"memberToken":"MEMBER_TOKEN4d9ca2df-d3b8-4dbd-8707-03e5d4bac1bd"},"rtnCode":200,"rtnMsg":"success"}
2019-06-04 15:02:21.599 [http-nio-8762-exec-3] INFO  com.qiuhang.shopp.base.LogAspectServiceApi - --------------返回内容----------------
2019-06-04 15:03:56.685 [http-nio-8762-exec-5] INFO  com.qiuhang.shopp.base.LogAspectServiceApi - ===============请求内容===============
2019-06-04 15:03:56.686 [http-nio-8762-exec-5] INFO  com.qiuhang.shopp.base.LogAspectServiceApi - 请求地址:http://qiuhang-PC:8762/member/login
2019-06-04 15:03:56.686 [http-nio-8762-exec-5] INFO  com.qiuhang.shopp.base.LogAspectServiceApi - 请求方式:POST
2019-06-04 15:03:56.686 [http-nio-8762-exec-5] INFO  com.qiuhang.shopp.base.LogAspectServiceApi - 请求类方法:ResponseBase com.qiuhang.shopp.api.service.impl.MemberServiceImpl.login(UserEntity)
2019-06-04 15:03:56.686 [http-nio-8762-exec-5] INFO  com.qiuhang.shopp.base.LogAspectServiceApi - 请求类方法参数:[com.qiuhang.shopp.entity.UserEntity@5c7b0821]
2019-06-04 15:03:56.686 [http-nio-8762-exec-5] INFO  com.qiuhang.shopp.base.LogAspectServiceApi - ===============请求内容===============
2019-06-04 15:03:56.688 [http-nio-8762-exec-5] INFO  com.qiuhang.shopp.base.LogAspectServiceApi - --------------返回内容----------------
2019-06-04 15:03:56.688 [http-nio-8762-exec-5] INFO  com.qiuhang.shopp.base.LogAspectServiceApi - Response内容:{"data":"用户名或密码错误","rtnCode":500,"rtnMsg":"fial"}
2019-06-04 15:03:56.688 [http-nio-8762-exec-5] INFO  com.qiuhang.shopp.base.LogAspectServiceApi - --------------返回内容----------------
2019-06-04 15:06:31.005 [AsyncResolver-bootstrap-executor-0] INFO  com.netflix.discovery.shared.resolver.aws.ConfigClusterResolver - Resolving eureka endpoints via configuration
2019-06-04 15:11:31.016 [AsyncResolver-bootstrap-executor-0] INFO  com.netflix.discovery.shared.resolver.aws.ConfigClusterResolver - Resolving eureka endpoints via configuration
2019-06-04 15:16:31.027 [AsyncResolver-bootstrap-executor-0] INFO  com.netflix.discovery.shared.resolver.aws.ConfigClusterResolver - Resolving eureka endpoints via configuration
2019-06-04 15:21:31.038 [AsyncResolver-bootstrap-executor-0] INFO  com.netflix.discovery.shared.resolver.aws.ConfigClusterResolver - Resolving eureka endpoints via configuration
2019-06-04 15:26:31.049 [AsyncResolver-bootstrap-executor-0] INFO  com.netflix.discovery.shared.resolver.aws.ConfigClusterResolver - Resolving eureka endpoints via configuration
2019-06-04 15:31:31.059 [AsyncResolver-bootstrap-executor-0] INFO  com.netflix.discovery.shared.resolver.aws.ConfigClusterResolver - Resolving eureka endpoints via configuration
2019-06-04 15:36:31.070 [AsyncResolver-bootstrap-executor-0] INFO  com.netflix.discovery.shared.resolver.aws.ConfigClusterResolver - Resolving eureka endpoints via configuration
2019-06-04 15:41:31.080 [AsyncResolver-bootstrap-executor-0] INFO  com.netflix.discovery.shared.resolver.aws.ConfigClusterResolver - Resolving eureka endpoints via configuration
2019-06-04 15:46:31.090 [AsyncResolver-bootstrap-executor-0] INFO  com.netflix.discovery.shared.resolver.aws.ConfigClusterResolver - Resolving eureka endpoints via configuration
2019-06-04 15:51:31.101 [AsyncResolver-bootstrap-executor-0] INFO  com.netflix.discovery.shared.resolver.aws.ConfigClusterResolver - Resolving eureka endpoints via configuration
2019-06-04 15:56:31.114 [AsyncResolver-bootstrap-executor-0] INFO  com.netflix.discovery.shared.resolver.aws.ConfigClusterResolver - Resolving eureka endpoints via configuration
2019-06-04 16:01:31.124 [AsyncResolver-bootstrap-executor-0] INFO  com.netflix.discovery.shared.resolver.aws.ConfigClusterResolver - Resolving eureka endpoints via configuration
2019-06-04 16:06:31.141 [AsyncResolver-bootstrap-executor-0] INFO  com.netflix.discovery.shared.resolver.aws.ConfigClusterResolver - Resolving eureka endpoints via configuration
2019-06-04 16:11:31.152 [AsyncResolver-bootstrap-executor-0] INFO  com.netflix.discovery.shared.resolver.aws.ConfigClusterResolver - Resolving eureka endpoints via configuration
2019-06-04 16:16:31.162 [AsyncResolver-bootstrap-executor-0] INFO  com.netflix.discovery.shared.resolver.aws.ConfigClusterResolver - Resolving eureka endpoints via configuration
2019-06-04 16:21:31.172 [AsyncResolver-bootstrap-executor-0] INFO  com.netflix.discovery.shared.resolver.aws.ConfigClusterResolver - Resolving eureka endpoints via configuration
2019-06-04 16:26:31.182 [AsyncResolver-bootstrap-executor-0] INFO  com.netflix.discovery.shared.resolver.aws.ConfigClusterResolver - Resolving eureka endpoints via configuration
2019-06-04 16:31:31.196 [AsyncResolver-bootstrap-executor-0] INFO  com.netflix.discovery.shared.resolver.aws.ConfigClusterResolver - Resolving eureka endpoints via configuration
2019-06-04 16:36:31.206 [AsyncResolver-bootstrap-executor-0] INFO  com.netflix.discovery.shared.resolver.aws.ConfigClusterResolver - Resolving eureka endpoints via configuration
2019-06-04 16:39:09.010 [http-nio-8762-exec-6] INFO  com.qiuhang.shopp.base.LogAspectServiceApi - ===============请求内容===============
2019-06-04 16:39:09.010 [http-nio-8762-exec-6] INFO  com.qiuhang.shopp.base.LogAspectServiceApi - 请求地址:http://qiuhang-PC:8762/member/login
2019-06-04 16:39:09.010 [http-nio-8762-exec-6] INFO  com.qiuhang.shopp.base.LogAspectServiceApi - 请求方式:POST
2019-06-04 16:39:09.010 [http-nio-8762-exec-6] INFO  com.qiuhang.shopp.base.LogAspectServiceApi - 请求类方法:ResponseBase com.qiuhang.shopp.api.service.impl.MemberServiceImpl.login(UserEntity)
2019-06-04 16:39:09.013 [http-nio-8762-exec-6] INFO  com.qiuhang.shopp.base.LogAspectServiceApi - 请求类方法参数:[com.qiuhang.shopp.entity.UserEntity@756bcf5f]
2019-06-04 16:39:09.013 [http-nio-8762-exec-6] INFO  com.qiuhang.shopp.base.LogAspectServiceApi - ===============请求内容===============
2019-06-04 16:39:09.209 [http-nio-8762-exec-6] INFO  com.qiuhang.shopp.api.service.impl.MemberServiceImpl - 用户信息已缓存，token：MEMBER_TOKEN15ff23fc-3f91-4574-a6ad-be9cb15b890b,id:58
2019-06-04 16:39:09.209 [http-nio-8762-exec-6] INFO  com.qiuhang.shopp.base.BaseRedis - MEMBER_TOKEN15ff23fc-3f91-4574-a6ad-be9cb15b890b,58
2019-06-04 16:39:09.210 [http-nio-8762-exec-6] INFO  com.qiuhang.shopp.base.LogAspectServiceApi - --------------返回内容----------------
2019-06-04 16:39:09.211 [http-nio-8762-exec-6] INFO  com.qiuhang.shopp.base.LogAspectServiceApi - Response内容:{"data":{"memberToken":"MEMBER_TOKEN15ff23fc-3f91-4574-a6ad-be9cb15b890b"},"rtnCode":200,"rtnMsg":"success"}
2019-06-04 16:39:09.211 [http-nio-8762-exec-6] INFO  com.qiuhang.shopp.base.LogAspectServiceApi - --------------返回内容----------------
2019-06-04 16:39:11.734 [http-nio-8762-exec-9] INFO  com.qiuhang.shopp.base.LogAspectServiceApi - ===============请求内容===============
2019-06-04 16:39:11.736 [http-nio-8762-exec-9] INFO  com.qiuhang.shopp.base.LogAspectServiceApi - 请求地址:http://qiuhang-PC:8762/member/login
2019-06-04 16:39:11.736 [http-nio-8762-exec-9] INFO  com.qiuhang.shopp.base.LogAspectServiceApi - 请求方式:POST
2019-06-04 16:39:11.736 [http-nio-8762-exec-9] INFO  com.qiuhang.shopp.base.LogAspectServiceApi - 请求类方法:ResponseBase com.qiuhang.shopp.api.service.impl.MemberServiceImpl.login(UserEntity)
2019-06-04 16:39:11.736 [http-nio-8762-exec-9] INFO  com.qiuhang.shopp.base.LogAspectServiceApi - 请求类方法参数:[com.qiuhang.shopp.entity.UserEntity@7c20120b]
2019-06-04 16:39:11.736 [http-nio-8762-exec-9] INFO  com.qiuhang.shopp.base.LogAspectServiceApi - ===============请求内容===============
2019-06-04 16:39:11.738 [http-nio-8762-exec-9] INFO  com.qiuhang.shopp.base.LogAspectServiceApi - --------------返回内容----------------
2019-06-04 16:39:11.738 [http-nio-8762-exec-9] INFO  com.qiuhang.shopp.base.LogAspectServiceApi - Response内容:{"data":"用户名或密码错误","rtnCode":500,"rtnMsg":"fial"}
2019-06-04 16:39:11.738 [http-nio-8762-exec-9] INFO  com.qiuhang.shopp.base.LogAspectServiceApi - --------------返回内容----------------
2019-06-04 16:39:12.997 [http-nio-8762-exec-8] INFO  com.qiuhang.shopp.base.LogAspectServiceApi - ===============请求内容===============
2019-06-04 16:39:12.997 [http-nio-8762-exec-8] INFO  com.qiuhang.shopp.base.LogAspectServiceApi - 请求地址:http://qiuhang-PC:8762/member/login
2019-06-04 16:39:12.997 [http-nio-8762-exec-8] INFO  com.qiuhang.shopp.base.LogAspectServiceApi - 请求方式:POST
2019-06-04 16:39:12.997 [http-nio-8762-exec-8] INFO  com.qiuhang.shopp.base.LogAspectServiceApi - 请求类方法:ResponseBase com.qiuhang.shopp.api.service.impl.MemberServiceImpl.login(UserEntity)
2019-06-04 16:39:12.997 [http-nio-8762-exec-8] INFO  com.qiuhang.shopp.base.LogAspectServiceApi - 请求类方法参数:[com.qiuhang.shopp.entity.UserEntity@518b5a47]
2019-06-04 16:39:12.998 [http-nio-8762-exec-8] INFO  com.qiuhang.shopp.base.LogAspectServiceApi - ===============请求内容===============
2019-06-04 16:39:13.036 [http-nio-8762-exec-8] INFO  com.qiuhang.shopp.api.service.impl.MemberServiceImpl - 用户信息已缓存，token：MEMBER_TOKEN0e58b360-2619-482d-86bd-986842a48e61,id:58
2019-06-04 16:39:13.037 [http-nio-8762-exec-8] INFO  com.qiuhang.shopp.base.BaseRedis - MEMBER_TOKEN0e58b360-2619-482d-86bd-986842a48e61,58
2019-06-04 16:39:13.048 [http-nio-8762-exec-8] INFO  com.qiuhang.shopp.base.LogAspectServiceApi - --------------返回内容----------------
2019-06-04 16:39:13.048 [http-nio-8762-exec-8] INFO  com.qiuhang.shopp.base.LogAspectServiceApi - Response内容:{"data":{"memberToken":"MEMBER_TOKEN0e58b360-2619-482d-86bd-986842a48e61"},"rtnCode":200,"rtnMsg":"success"}
2019-06-04 16:39:13.063 [http-nio-8762-exec-8] INFO  com.qiuhang.shopp.base.LogAspectServiceApi - --------------返回内容----------------
2019-06-04 16:39:15.662 [http-nio-8762-exec-10] INFO  com.qiuhang.shopp.base.LogAspectServiceApi - ===============请求内容===============
2019-06-04 16:39:15.662 [http-nio-8762-exec-10] INFO  com.qiuhang.shopp.base.LogAspectServiceApi - 请求地址:http://qiuhang-PC:8762/member/login
2019-06-04 16:39:15.663 [http-nio-8762-exec-10] INFO  com.qiuhang.shopp.base.LogAspectServiceApi - 请求方式:POST
2019-06-04 16:39:15.663 [http-nio-8762-exec-10] INFO  com.qiuhang.shopp.base.LogAspectServiceApi - 请求类方法:ResponseBase com.qiuhang.shopp.api.service.impl.MemberServiceImpl.login(UserEntity)
2019-06-04 16:39:15.663 [http-nio-8762-exec-10] INFO  com.qiuhang.shopp.base.LogAspectServiceApi - 请求类方法参数:[com.qiuhang.shopp.entity.UserEntity@3d2fe91c]
2019-06-04 16:39:15.663 [http-nio-8762-exec-10] INFO  com.qiuhang.shopp.base.LogAspectServiceApi - ===============请求内容===============
2019-06-04 16:39:15.672 [http-nio-8762-exec-10] INFO  com.qiuhang.shopp.api.service.impl.MemberServiceImpl - 用户信息已缓存，token：MEMBER_TOKEN07dcb598-f61f-4752-b151-418892d5e90b,id:58
2019-06-04 16:39:15.672 [http-nio-8762-exec-10] INFO  com.qiuhang.shopp.base.BaseRedis - MEMBER_TOKEN07dcb598-f61f-4752-b151-418892d5e90b,58
2019-06-04 16:39:15.672 [http-nio-8762-exec-10] INFO  com.qiuhang.shopp.base.LogAspectServiceApi - --------------返回内容----------------
2019-06-04 16:39:15.673 [http-nio-8762-exec-10] INFO  com.qiuhang.shopp.base.LogAspectServiceApi - Response内容:{"data":{"memberToken":"MEMBER_TOKEN07dcb598-f61f-4752-b151-418892d5e90b"},"rtnCode":200,"rtnMsg":"success"}
2019-06-04 16:39:15.673 [http-nio-8762-exec-10] INFO  com.qiuhang.shopp.base.LogAspectServiceApi - --------------返回内容----------------
2019-06-04 16:39:16.337 [http-nio-8762-exec-1] INFO  com.qiuhang.shopp.base.LogAspectServiceApi - ===============请求内容===============
2019-06-04 16:39:16.337 [http-nio-8762-exec-1] INFO  com.qiuhang.shopp.base.LogAspectServiceApi - 请求地址:http://qiuhang-PC:8762/member/login
2019-06-04 16:39:16.338 [http-nio-8762-exec-1] INFO  com.qiuhang.shopp.base.LogAspectServiceApi - 请求方式:POST
2019-06-04 16:39:16.338 [http-nio-8762-exec-1] INFO  com.qiuhang.shopp.base.LogAspectServiceApi - 请求类方法:ResponseBase com.qiuhang.shopp.api.service.impl.MemberServiceImpl.login(UserEntity)
2019-06-04 16:39:16.338 [http-nio-8762-exec-1] INFO  com.qiuhang.shopp.base.LogAspectServiceApi - 请求类方法参数:[com.qiuhang.shopp.entity.UserEntity@779416a6]
2019-06-04 16:39:16.338 [http-nio-8762-exec-1] INFO  com.qiuhang.shopp.base.LogAspectServiceApi - ===============请求内容===============
2019-06-04 16:39:16.341 [http-nio-8762-exec-1] INFO  com.qiuhang.shopp.api.service.impl.MemberServiceImpl - 用户信息已缓存，token：MEMBER_TOKEN46642715-3e39-4831-9c9e-070e68f13913,id:58
2019-06-04 16:39:16.342 [http-nio-8762-exec-1] INFO  com.qiuhang.shopp.base.BaseRedis - MEMBER_TOKEN46642715-3e39-4831-9c9e-070e68f13913,58
2019-06-04 16:39:16.342 [http-nio-8762-exec-1] INFO  com.qiuhang.shopp.base.LogAspectServiceApi - --------------返回内容----------------
2019-06-04 16:39:16.342 [http-nio-8762-exec-1] INFO  com.qiuhang.shopp.base.LogAspectServiceApi - Response内容:{"data":{"memberToken":"MEMBER_TOKEN46642715-3e39-4831-9c9e-070e68f13913"},"rtnCode":200,"rtnMsg":"success"}
2019-06-04 16:39:16.342 [http-nio-8762-exec-1] INFO  com.qiuhang.shopp.base.LogAspectServiceApi - --------------返回内容----------------
2019-06-04 16:39:16.657 [http-nio-8762-exec-2] INFO  com.qiuhang.shopp.base.LogAspectServiceApi - ===============请求内容===============
2019-06-04 16:39:16.657 [http-nio-8762-exec-2] INFO  com.qiuhang.shopp.base.LogAspectServiceApi - 请求地址:http://qiuhang-PC:8762/member/login
2019-06-04 16:39:16.657 [http-nio-8762-exec-2] INFO  com.qiuhang.shopp.base.LogAspectServiceApi - 请求方式:POST
2019-06-04 16:39:16.657 [http-nio-8762-exec-2] INFO  com.qiuhang.shopp.base.LogAspectServiceApi - 请求类方法:ResponseBase com.qiuhang.shopp.api.service.impl.MemberServiceImpl.login(UserEntity)
2019-06-04 16:39:16.657 [http-nio-8762-exec-2] INFO  com.qiuhang.shopp.base.LogAspectServiceApi - 请求类方法参数:[com.qiuhang.shopp.entity.UserEntity@7e50c5b5]
2019-06-04 16:39:16.657 [http-nio-8762-exec-2] INFO  com.qiuhang.shopp.base.LogAspectServiceApi - ===============请求内容===============
2019-06-04 16:39:16.660 [http-nio-8762-exec-2] INFO  com.qiuhang.shopp.api.service.impl.MemberServiceImpl - 用户信息已缓存，token：MEMBER_TOKEN5b4f4e32-35f3-4db0-9b85-b4453c96f966,id:58
2019-06-04 16:39:16.660 [http-nio-8762-exec-2] INFO  com.qiuhang.shopp.base.BaseRedis - MEMBER_TOKEN5b4f4e32-35f3-4db0-9b85-b4453c96f966,58
2019-06-04 16:39:16.661 [http-nio-8762-exec-2] INFO  com.qiuhang.shopp.base.LogAspectServiceApi - --------------返回内容----------------
2019-06-04 16:39:16.661 [http-nio-8762-exec-2] INFO  com.qiuhang.shopp.base.LogAspectServiceApi - Response内容:{"data":{"memberToken":"MEMBER_TOKEN5b4f4e32-35f3-4db0-9b85-b4453c96f966"},"rtnCode":200,"rtnMsg":"success"}
2019-06-04 16:39:16.661 [http-nio-8762-exec-2] INFO  com.qiuhang.shopp.base.LogAspectServiceApi - --------------返回内容----------------
2019-06-04 16:39:16.950 [http-nio-8762-exec-3] INFO  com.qiuhang.shopp.base.LogAspectServiceApi - ===============请求内容===============
2019-06-04 16:39:16.951 [http-nio-8762-exec-3] INFO  com.qiuhang.shopp.base.LogAspectServiceApi - 请求地址:http://qiuhang-PC:8762/member/login
2019-06-04 16:39:16.951 [http-nio-8762-exec-3] INFO  com.qiuhang.shopp.base.LogAspectServiceApi - 请求方式:POST
2019-06-04 16:39:16.968 [http-nio-8762-exec-3] INFO  com.qiuhang.shopp.base.LogAspectServiceApi - 请求类方法:ResponseBase com.qiuhang.shopp.api.service.impl.MemberServiceImpl.login(UserEntity)
2019-06-04 16:39:16.969 [http-nio-8762-exec-3] INFO  com.qiuhang.shopp.base.LogAspectServiceApi - 请求类方法参数:[com.qiuhang.shopp.entity.UserEntity@44b5efdd]
2019-06-04 16:39:16.969 [http-nio-8762-exec-3] INFO  com.qiuhang.shopp.base.LogAspectServiceApi - ===============请求内容===============
2019-06-04 16:39:16.971 [http-nio-8762-exec-3] INFO  com.qiuhang.shopp.api.service.impl.MemberServiceImpl - 用户信息已缓存，token：MEMBER_TOKENcf7bdd3d-7354-49f9-9195-6d67704471b1,id:58
2019-06-04 16:39:16.971 [http-nio-8762-exec-3] INFO  com.qiuhang.shopp.base.BaseRedis - MEMBER_TOKENcf7bdd3d-7354-49f9-9195-6d67704471b1,58
2019-06-04 16:39:16.972 [http-nio-8762-exec-3] INFO  com.qiuhang.shopp.base.LogAspectServiceApi - --------------返回内容----------------
2019-06-04 16:39:16.977 [http-nio-8762-exec-3] INFO  com.qiuhang.shopp.base.LogAspectServiceApi - Response内容:{"data":{"memberToken":"MEMBER_TOKENcf7bdd3d-7354-49f9-9195-6d67704471b1"},"rtnCode":200,"rtnMsg":"success"}
2019-06-04 16:39:16.977 [http-nio-8762-exec-3] INFO  com.qiuhang.shopp.base.LogAspectServiceApi - --------------返回内容----------------
2019-06-04 16:39:17.101 [http-nio-8762-exec-4] INFO  com.qiuhang.shopp.base.LogAspectServiceApi - ===============请求内容===============
2019-06-04 16:39:17.101 [http-nio-8762-exec-4] INFO  com.qiuhang.shopp.base.LogAspectServiceApi - 请求地址:http://qiuhang-PC:8762/member/login
2019-06-04 16:39:17.101 [http-nio-8762-exec-4] INFO  com.qiuhang.shopp.base.LogAspectServiceApi - 请求方式:POST
2019-06-04 16:39:17.101 [http-nio-8762-exec-4] INFO  com.qiuhang.shopp.base.LogAspectServiceApi - 请求类方法:ResponseBase com.qiuhang.shopp.api.service.impl.MemberServiceImpl.login(UserEntity)
2019-06-04 16:39:17.101 [http-nio-8762-exec-4] INFO  com.qiuhang.shopp.base.LogAspectServiceApi - 请求类方法参数:[com.qiuhang.shopp.entity.UserEntity@7632068d]
2019-06-04 16:39:17.102 [http-nio-8762-exec-4] INFO  com.qiuhang.shopp.base.LogAspectServiceApi - ===============请求内容===============
2019-06-04 16:39:17.104 [http-nio-8762-exec-4] INFO  com.qiuhang.shopp.api.service.impl.MemberServiceImpl - 用户信息已缓存，token：MEMBER_TOKEN0ede040d-d9db-43a9-a15d-367188035923,id:58
2019-06-04 16:39:17.104 [http-nio-8762-exec-4] INFO  com.qiuhang.shopp.base.BaseRedis - MEMBER_TOKEN0ede040d-d9db-43a9-a15d-367188035923,58
2019-06-04 16:39:17.105 [http-nio-8762-exec-4] INFO  com.qiuhang.shopp.base.LogAspectServiceApi - --------------返回内容----------------
2019-06-04 16:39:17.105 [http-nio-8762-exec-4] INFO  com.qiuhang.shopp.base.LogAspectServiceApi - Response内容:{"data":{"memberToken":"MEMBER_TOKEN0ede040d-d9db-43a9-a15d-367188035923"},"rtnCode":200,"rtnMsg":"success"}
2019-06-04 16:39:17.105 [http-nio-8762-exec-4] INFO  com.qiuhang.shopp.base.LogAspectServiceApi - --------------返回内容----------------
2019-06-04 16:39:17.278 [http-nio-8762-exec-5] INFO  com.qiuhang.shopp.base.LogAspectServiceApi - ===============请求内容===============
2019-06-04 16:39:17.278 [http-nio-8762-exec-5] INFO  com.qiuhang.shopp.base.LogAspectServiceApi - 请求地址:http://qiuhang-PC:8762/member/login
2019-06-04 16:39:17.278 [http-nio-8762-exec-5] INFO  com.qiuhang.shopp.base.LogAspectServiceApi - 请求方式:POST
2019-06-04 16:39:17.278 [http-nio-8762-exec-5] INFO  com.qiuhang.shopp.base.LogAspectServiceApi - 请求类方法:ResponseBase com.qiuhang.shopp.api.service.impl.MemberServiceImpl.login(UserEntity)
2019-06-04 16:39:17.278 [http-nio-8762-exec-5] INFO  com.qiuhang.shopp.base.LogAspectServiceApi - 请求类方法参数:[com.qiuhang.shopp.entity.UserEntity@4a170df3]
2019-06-04 16:39:17.278 [http-nio-8762-exec-5] INFO  com.qiuhang.shopp.base.LogAspectServiceApi - ===============请求内容===============
2019-06-04 16:39:17.281 [http-nio-8762-exec-5] INFO  com.qiuhang.shopp.api.service.impl.MemberServiceImpl - 用户信息已缓存，token：MEMBER_TOKENcd8953fb-bcdf-4039-98b8-cba810556554,id:58
2019-06-04 16:39:17.281 [http-nio-8762-exec-5] INFO  com.qiuhang.shopp.base.BaseRedis - MEMBER_TOKENcd8953fb-bcdf-4039-98b8-cba810556554,58
2019-06-04 16:39:17.282 [http-nio-8762-exec-5] INFO  com.qiuhang.shopp.base.LogAspectServiceApi - --------------返回内容----------------
2019-06-04 16:39:17.282 [http-nio-8762-exec-5] INFO  com.qiuhang.shopp.base.LogAspectServiceApi - Response内容:{"data":{"memberToken":"MEMBER_TOKENcd8953fb-bcdf-4039-98b8-cba810556554"},"rtnCode":200,"rtnMsg":"success"}
2019-06-04 16:39:17.283 [http-nio-8762-exec-5] INFO  com.qiuhang.shopp.base.LogAspectServiceApi - --------------返回内容----------------
2019-06-04 16:39:17.477 [http-nio-8762-exec-7] INFO  com.qiuhang.shopp.base.LogAspectServiceApi - ===============请求内容===============
2019-06-04 16:39:17.479 [http-nio-8762-exec-7] INFO  com.qiuhang.shopp.base.LogAspectServiceApi - 请求地址:http://qiuhang-PC:8762/member/login
2019-06-04 16:39:17.479 [http-nio-8762-exec-7] INFO  com.qiuhang.shopp.base.LogAspectServiceApi - 请求方式:POST
2019-06-04 16:39:17.479 [http-nio-8762-exec-7] INFO  com.qiuhang.shopp.base.LogAspectServiceApi - 请求类方法:ResponseBase com.qiuhang.shopp.api.service.impl.MemberServiceImpl.login(UserEntity)
2019-06-04 16:39:17.479 [http-nio-8762-exec-7] INFO  com.qiuhang.shopp.base.LogAspectServiceApi - 请求类方法参数:[com.qiuhang.shopp.entity.UserEntity@65205dd0]
2019-06-04 16:39:17.479 [http-nio-8762-exec-7] INFO  com.qiuhang.shopp.base.LogAspectServiceApi - ===============请求内容===============
2019-06-04 16:39:17.481 [http-nio-8762-exec-7] INFO  com.qiuhang.shopp.api.service.impl.MemberServiceImpl - 用户信息已缓存，token：MEMBER_TOKEN6edf4a99-4269-4798-a05d-40204bb44086,id:58
2019-06-04 16:39:17.481 [http-nio-8762-exec-7] INFO  com.qiuhang.shopp.base.BaseRedis - MEMBER_TOKEN6edf4a99-4269-4798-a05d-40204bb44086,58
2019-06-04 16:39:17.501 [http-nio-8762-exec-7] INFO  com.qiuhang.shopp.base.LogAspectServiceApi - --------------返回内容----------------
2019-06-04 16:39:17.501 [http-nio-8762-exec-7] INFO  com.qiuhang.shopp.base.LogAspectServiceApi - Response内容:{"data":{"memberToken":"MEMBER_TOKEN6edf4a99-4269-4798-a05d-40204bb44086"},"rtnCode":200,"rtnMsg":"success"}
2019-06-04 16:39:17.501 [http-nio-8762-exec-7] INFO  com.qiuhang.shopp.base.LogAspectServiceApi - --------------返回内容----------------
2019-06-04 16:39:17.639 [http-nio-8762-exec-6] INFO  com.qiuhang.shopp.base.LogAspectServiceApi - ===============请求内容===============
2019-06-04 16:39:17.639 [http-nio-8762-exec-6] INFO  com.qiuhang.shopp.base.LogAspectServiceApi - 请求地址:http://qiuhang-PC:8762/member/login
2019-06-04 16:39:17.639 [http-nio-8762-exec-6] INFO  com.qiuhang.shopp.base.LogAspectServiceApi - 请求方式:POST
2019-06-04 16:39:17.639 [http-nio-8762-exec-6] INFO  com.qiuhang.shopp.base.LogAspectServiceApi - 请求类方法:ResponseBase com.qiuhang.shopp.api.service.impl.MemberServiceImpl.login(UserEntity)
2019-06-04 16:39:17.639 [http-nio-8762-exec-6] INFO  com.qiuhang.shopp.base.LogAspectServiceApi - 请求类方法参数:[com.qiuhang.shopp.entity.UserEntity@50cca44e]
2019-06-04 16:39:17.639 [http-nio-8762-exec-6] INFO  com.qiuhang.shopp.base.LogAspectServiceApi - ===============请求内容===============
2019-06-04 16:39:17.656 [http-nio-8762-exec-6] INFO  com.qiuhang.shopp.api.service.impl.MemberServiceImpl - 用户信息已缓存，token：MEMBER_TOKEN4792d742-500e-4bab-8cb9-fda11fe1e119,id:58
2019-06-04 16:39:17.657 [http-nio-8762-exec-6] INFO  com.qiuhang.shopp.base.BaseRedis - MEMBER_TOKEN4792d742-500e-4bab-8cb9-fda11fe1e119,58
2019-06-04 16:39:17.657 [http-nio-8762-exec-6] INFO  com.qiuhang.shopp.base.LogAspectServiceApi - --------------返回内容----------------
2019-06-04 16:39:17.657 [http-nio-8762-exec-6] INFO  com.qiuhang.shopp.base.LogAspectServiceApi - Response内容:{"data":{"memberToken":"MEMBER_TOKEN4792d742-500e-4bab-8cb9-fda11fe1e119"},"rtnCode":200,"rtnMsg":"success"}
2019-06-04 16:39:17.657 [http-nio-8762-exec-6] INFO  com.qiuhang.shopp.base.LogAspectServiceApi - --------------返回内容----------------
2019-06-04 16:39:17.860 [http-nio-8762-exec-9] INFO  com.qiuhang.shopp.base.LogAspectServiceApi - ===============请求内容===============
2019-06-04 16:39:17.860 [http-nio-8762-exec-9] INFO  com.qiuhang.shopp.base.LogAspectServiceApi - 请求地址:http://qiuhang-PC:8762/member/login
2019-06-04 16:39:17.860 [http-nio-8762-exec-9] INFO  com.qiuhang.shopp.base.LogAspectServiceApi - 请求方式:POST
2019-06-04 16:39:17.860 [http-nio-8762-exec-9] INFO  com.qiuhang.shopp.base.LogAspectServiceApi - 请求类方法:ResponseBase com.qiuhang.shopp.api.service.impl.MemberServiceImpl.login(UserEntity)
2019-06-04 16:39:17.860 [http-nio-8762-exec-9] INFO  com.qiuhang.shopp.base.LogAspectServiceApi - 请求类方法参数:[com.qiuhang.shopp.entity.UserEntity@33daf9c4]
2019-06-04 16:39:17.860 [http-nio-8762-exec-9] INFO  com.qiuhang.shopp.base.LogAspectServiceApi - ===============请求内容===============
2019-06-04 16:39:17.863 [http-nio-8762-exec-9] INFO  com.qiuhang.shopp.api.service.impl.MemberServiceImpl - 用户信息已缓存，token：MEMBER_TOKEN34246cbc-3e0a-4aa2-9828-897bd4ac9a6e,id:58
2019-06-04 16:39:17.864 [http-nio-8762-exec-9] INFO  com.qiuhang.shopp.base.BaseRedis - MEMBER_TOKEN34246cbc-3e0a-4aa2-9828-897bd4ac9a6e,58
2019-06-04 16:39:17.864 [http-nio-8762-exec-9] INFO  com.qiuhang.shopp.base.LogAspectServiceApi - --------------返回内容----------------
2019-06-04 16:39:17.864 [http-nio-8762-exec-9] INFO  com.qiuhang.shopp.base.LogAspectServiceApi - Response内容:{"data":{"memberToken":"MEMBER_TOKEN34246cbc-3e0a-4aa2-9828-897bd4ac9a6e"},"rtnCode":200,"rtnMsg":"success"}
2019-06-04 16:39:17.864 [http-nio-8762-exec-9] INFO  com.qiuhang.shopp.base.LogAspectServiceApi - --------------返回内容----------------
2019-06-04 16:39:18.060 [http-nio-8762-exec-8] INFO  com.qiuhang.shopp.base.LogAspectServiceApi - ===============请求内容===============
2019-06-04 16:39:18.060 [http-nio-8762-exec-8] INFO  com.qiuhang.shopp.base.LogAspectServiceApi - 请求地址:http://qiuhang-PC:8762/member/login
2019-06-04 16:39:18.060 [http-nio-8762-exec-8] INFO  com.qiuhang.shopp.base.LogAspectServiceApi - 请求方式:POST
2019-06-04 16:39:18.060 [http-nio-8762-exec-8] INFO  com.qiuhang.shopp.base.LogAspectServiceApi - 请求类方法:ResponseBase com.qiuhang.shopp.api.service.impl.MemberServiceImpl.login(UserEntity)
2019-06-04 16:39:18.060 [http-nio-8762-exec-8] INFO  com.qiuhang.shopp.base.LogAspectServiceApi - 请求类方法参数:[com.qiuhang.shopp.entity.UserEntity@66c3ed61]
2019-06-04 16:39:18.060 [http-nio-8762-exec-8] INFO  com.qiuhang.shopp.base.LogAspectServiceApi - ===============请求内容===============
2019-06-04 16:39:18.065 [http-nio-8762-exec-8] INFO  com.qiuhang.shopp.api.service.impl.MemberServiceImpl - 用户信息已缓存，token：MEMBER_TOKEN55b96ada-a22c-4866-84f0-5cf6f3e67a62,id:58
2019-06-04 16:39:18.065 [http-nio-8762-exec-8] INFO  com.qiuhang.shopp.base.BaseRedis - MEMBER_TOKEN55b96ada-a22c-4866-84f0-5cf6f3e67a62,58
2019-06-04 16:39:18.066 [http-nio-8762-exec-8] INFO  com.qiuhang.shopp.base.LogAspectServiceApi - --------------返回内容----------------
2019-06-04 16:39:18.066 [http-nio-8762-exec-8] INFO  com.qiuhang.shopp.base.LogAspectServiceApi - Response内容:{"data":{"memberToken":"MEMBER_TOKEN55b96ada-a22c-4866-84f0-5cf6f3e67a62"},"rtnCode":200,"rtnMsg":"success"}
2019-06-04 16:39:18.066 [http-nio-8762-exec-8] INFO  com.qiuhang.shopp.base.LogAspectServiceApi - --------------返回内容----------------
2019-06-04 16:39:18.203 [http-nio-8762-exec-10] INFO  com.qiuhang.shopp.base.LogAspectServiceApi - ===============请求内容===============
2019-06-04 16:39:18.203 [http-nio-8762-exec-10] INFO  com.qiuhang.shopp.base.LogAspectServiceApi - 请求地址:http://qiuhang-PC:8762/member/login
2019-06-04 16:39:18.204 [http-nio-8762-exec-10] INFO  com.qiuhang.shopp.base.LogAspectServiceApi - 请求方式:POST
2019-06-04 16:39:18.212 [http-nio-8762-exec-10] INFO  com.qiuhang.shopp.base.LogAspectServiceApi - 请求类方法:ResponseBase com.qiuhang.shopp.api.service.impl.MemberServiceImpl.login(UserEntity)
2019-06-04 16:39:18.212 [http-nio-8762-exec-10] INFO  com.qiuhang.shopp.base.LogAspectServiceApi - 请求类方法参数:[com.qiuhang.shopp.entity.UserEntity@488e30b4]
2019-06-04 16:39:18.212 [http-nio-8762-exec-10] INFO  com.qiuhang.shopp.base.LogAspectServiceApi - ===============请求内容===============
2019-06-04 16:39:18.214 [http-nio-8762-exec-10] INFO  com.qiuhang.shopp.api.service.impl.MemberServiceImpl - 用户信息已缓存，token：MEMBER_TOKEN197edb37-b5ec-4d58-87a4-f686845717d6,id:58
2019-06-04 16:39:18.215 [http-nio-8762-exec-10] INFO  com.qiuhang.shopp.base.BaseRedis - MEMBER_TOKEN197edb37-b5ec-4d58-87a4-f686845717d6,58
2019-06-04 16:39:18.216 [http-nio-8762-exec-10] INFO  com.qiuhang.shopp.base.LogAspectServiceApi - --------------返回内容----------------
2019-06-04 16:39:18.218 [http-nio-8762-exec-10] INFO  com.qiuhang.shopp.base.LogAspectServiceApi - Response内容:{"data":{"memberToken":"MEMBER_TOKEN197edb37-b5ec-4d58-87a4-f686845717d6"},"rtnCode":200,"rtnMsg":"success"}
2019-06-04 16:39:18.218 [http-nio-8762-exec-10] INFO  com.qiuhang.shopp.base.LogAspectServiceApi - --------------返回内容----------------
2019-06-04 16:41:31.233 [AsyncResolver-bootstrap-executor-0] INFO  com.netflix.discovery.shared.resolver.aws.ConfigClusterResolver - Resolving eureka endpoints via configuration
2019-06-04 16:46:31.243 [AsyncResolver-bootstrap-executor-0] INFO  com.netflix.discovery.shared.resolver.aws.ConfigClusterResolver - Resolving eureka endpoints via configuration
2019-06-04 16:51:31.253 [AsyncResolver-bootstrap-executor-0] INFO  com.netflix.discovery.shared.resolver.aws.ConfigClusterResolver - Resolving eureka endpoints via configuration
2019-06-04 16:56:31.263 [AsyncResolver-bootstrap-executor-0] INFO  com.netflix.discovery.shared.resolver.aws.ConfigClusterResolver - Resolving eureka endpoints via configuration
2019-06-04 17:01:31.273 [AsyncResolver-bootstrap-executor-0] INFO  com.netflix.discovery.shared.resolver.aws.ConfigClusterResolver - Resolving eureka endpoints via configuration
2019-06-04 17:01:37.607 [RMI TCP Connection(2)-127.0.0.1] WARN  com.netflix.discovery.DiscoveryClient - Saw local status change event StatusChangeEvent [timestamp=1559638897607, current=DOWN, previous=UP]
2019-06-04 17:01:37.642 [DiscoveryClient-InstanceInfoReplicator-0] INFO  com.netflix.discovery.DiscoveryClient - DiscoveryClient_MEMBER/qiuhang-PC:member:8762: registering service...
2019-06-04 17:01:37.743 [RMI TCP Connection(2)-127.0.0.1] INFO  com.netflix.discovery.DiscoveryClient - Shutting down DiscoveryClient ...
2019-06-04 17:01:37.868 [RMI TCP Connection(2)-127.0.0.1] INFO  com.netflix.discovery.DiscoveryClient - Unregistering ...
2019-06-04 17:01:38.305 [DiscoveryClient-InstanceInfoReplicator-0] INFO  com.netflix.discovery.DiscoveryClient - DiscoveryClient_MEMBER/qiuhang-PC:member:8762 - registration status: 204
2019-06-04 17:01:38.705 [RMI TCP Connection(2)-127.0.0.1] INFO  com.netflix.discovery.DiscoveryClient - DiscoveryClient_MEMBER/qiuhang-PC:member:8762 - deregister  status: 200
2019-06-04 17:01:38.974 [RMI TCP Connection(2)-127.0.0.1] INFO  com.netflix.discovery.DiscoveryClient - Completed shut down of DiscoveryClient
2019-06-04 17:01:40.371 [RMI TCP Connection(2)-127.0.0.1] INFO  com.alibaba.druid.pool.DruidDataSource - {dataSource-1} closed
2019-06-04 17:01:40.704 [RMI TCP Connection(2)-127.0.0.1] INFO  org.apache.coyote.http11.Http11NioProtocol - Pausing ProtocolHandler ["http-nio-8762"]
2019-06-04 17:01:41.098 [RMI TCP Connection(2)-127.0.0.1] INFO  org.apache.catalina.core.StandardService - Stopping service Tomcat
2019-06-04 17:01:41.186 [localhost-startStop-2] INFO  org.apache.catalina.core.ContainerBase.[Tomcat].[localhost].[/] - Destroying Spring FrameworkServlet 'dispatcherServlet'
2019-06-04 17:01:41.420 [RMI TCP Connection(2)-127.0.0.1] INFO  org.apache.coyote.http11.Http11NioProtocol - Stopping ProtocolHandler ["http-nio-8762"]
2019-06-04 17:01:41.497 [RMI TCP Connection(2)-127.0.0.1] INFO  org.apache.coyote.http11.Http11NioProtocol - Destroying ProtocolHandler ["http-nio-8762"]
2019-06-04 17:02:13.113 [main] INFO  com.qiuhang.shopp.MemberServer - No active profile set, falling back to default profiles: default
2019-06-04 17:02:17.787 [main] INFO  org.apache.catalina.core.StandardService - Starting service Tomcat
2019-06-04 17:02:17.789 [main] INFO  org.apache.catalina.core.StandardEngine - Starting Servlet Engine: Apache Tomcat/8.5.14
2019-06-04 17:02:18.172 [localhost-startStop-1] INFO  org.apache.catalina.core.ContainerBase.[Tomcat].[localhost].[/] - Initializing Spring embedded WebApplicationContext
2019-06-04 17:02:26.374 [main] WARN  com.netflix.config.sources.URLConfigurationSource - No URLs will be polled as dynamic configuration sources.
2019-06-04 17:02:26.374 [main] INFO  com.netflix.config.sources.URLConfigurationSource - To enable URLs as dynamic configuration sources, define System property archaius.configurationSource.additionalUrls or make config.properties available on classpath.
2019-06-04 17:02:26.384 [main] WARN  com.netflix.config.sources.URLConfigurationSource - No URLs will be polled as dynamic configuration sources.
2019-06-04 17:02:26.385 [main] INFO  com.netflix.config.sources.URLConfigurationSource - To enable URLs as dynamic configuration sources, define System property archaius.configurationSource.additionalUrls or make config.properties available on classpath.
2019-06-04 17:02:27.476 [main] INFO  com.netflix.discovery.DiscoveryClient - Initializing Eureka in region us-east-1
2019-06-04 17:02:28.286 [main] INFO  com.netflix.discovery.provider.DiscoveryJerseyProvider - Using JSON encoding codec LegacyJacksonJson
2019-06-04 17:02:28.286 [main] INFO  com.netflix.discovery.provider.DiscoveryJerseyProvider - Using JSON decoding codec LegacyJacksonJson
2019-06-04 17:02:28.514 [main] INFO  com.netflix.discovery.provider.DiscoveryJerseyProvider - Using XML encoding codec XStreamXml
2019-06-04 17:02:28.515 [main] INFO  com.netflix.discovery.provider.DiscoveryJerseyProvider - Using XML decoding codec XStreamXml
2019-06-04 17:02:29.084 [main] INFO  com.netflix.discovery.shared.resolver.aws.ConfigClusterResolver - Resolving eureka endpoints via configuration
2019-06-04 17:02:29.401 [main] INFO  com.netflix.discovery.DiscoveryClient - Disable delta property : false
2019-06-04 17:02:29.402 [main] INFO  com.netflix.discovery.DiscoveryClient - Single vip registry refresh property : null
2019-06-04 17:02:29.402 [main] INFO  com.netflix.discovery.DiscoveryClient - Force full registry fetch : false
2019-06-04 17:02:29.402 [main] INFO  com.netflix.discovery.DiscoveryClient - Application is null : false
2019-06-04 17:02:29.402 [main] INFO  com.netflix.discovery.DiscoveryClient - Registered Applications size is zero : true
2019-06-04 17:02:29.402 [main] INFO  com.netflix.discovery.DiscoveryClient - Application version is -1: true
2019-06-04 17:02:29.403 [main] INFO  com.netflix.discovery.DiscoveryClient - Getting all instance registry info from the eureka server
2019-06-04 17:02:29.840 [main] INFO  com.netflix.discovery.DiscoveryClient - The response status is 200
2019-06-04 17:02:29.843 [main] INFO  com.netflix.discovery.DiscoveryClient - Starting heartbeat executor: renew interval is: 30
2019-06-04 17:02:29.848 [main] INFO  com.netflix.discovery.InstanceInfoReplicator - InstanceInfoReplicator onDemand update allowed rate per min is 4
2019-06-04 17:02:29.855 [main] INFO  com.netflix.discovery.DiscoveryClient - Discovery Client initialized at timestamp 1559638949854 with initial instances count: 3
2019-06-04 17:02:29.915 [main] INFO  com.netflix.discovery.DiscoveryClient - Saw local status change event StatusChangeEvent [timestamp=1559638949914, current=UP, previous=STARTING]
2019-06-04 17:02:29.919 [DiscoveryClient-InstanceInfoReplicator-0] INFO  com.netflix.discovery.DiscoveryClient - DiscoveryClient_MEMBER/qiuhang-PC:member:8762: registering service...
2019-06-04 17:02:30.032 [DiscoveryClient-InstanceInfoReplicator-0] INFO  com.netflix.discovery.DiscoveryClient - DiscoveryClient_MEMBER/qiuhang-PC:member:8762 - registration status: 204
2019-06-04 17:02:30.129 [main] INFO  org.apache.coyote.http11.Http11NioProtocol - Initializing ProtocolHandler ["http-nio-8762"]
2019-06-04 17:02:30.158 [main] INFO  org.apache.coyote.http11.Http11NioProtocol - Starting ProtocolHandler ["http-nio-8762"]
2019-06-04 17:02:30.302 [main] INFO  org.apache.tomcat.util.net.NioSelectorPool - Using a shared selector for servlet write/read
2019-06-04 17:02:30.404 [main] INFO  com.qiuhang.shopp.MemberServer - Started MemberServer in 19.923 seconds (JVM running for 21.225)
